2024-11-25 08:11:49,152 [background-preinit] INFO  o.h.validator.internal.util.Version                - HV000001: Hibernate Validator 6.2.0.Final
2024-11-25 08:11:49,156 [main] INFO  o.f.t.SpringBootSecurityJwtApplication             - Starting SpringBootSecurityJwtApplication using Java 17.0.8 on LAPTOP-93H8MNO6 with PID 31664 (C:\Users\28425\Downloads\teach-web-master\teach-web\java-server\target\classes started by 28425 in C:\Users\28425\Downloads\teach-web-master\teach-web\java-server)
2024-11-25 08:11:49,157 [main] INFO  o.f.t.SpringBootSecurityJwtApplication             - No active profile set, falling back to default profiles: default
2024-11-25 08:11:50,063 [main] INFO  o.s.d.r.c.RepositoryConfigurationDelegate          - Multiple Spring Data modules found, entering strict repository configuration mode!
2024-11-25 08:11:50,065 [main] INFO  o.s.d.r.c.RepositoryConfigurationDelegate          - Bootstrapping Spring Data JPA repositories in DEFAULT mode.
2024-11-25 08:11:50,494 [main] INFO  o.s.d.r.c.RepositoryConfigurationDelegate          - Finished Spring Data repository scanning in 423 ms. Found 20 JPA repository interfaces.
2024-11-25 08:11:50,723 [main] INFO  o.s.c.s.PostProcessorRegistrationDelegate$BeanPostProcessorChecker - Bean 'org.springframework.security.access.expression.method.DefaultMethodSecurityExpressionHandler@5853ca50' of type [org.springframework.security.access.expression.method.DefaultMethodSecurityExpressionHandler] is not eligible for getting processed by all BeanPostProcessors (for example: not eligible for auto-proxying)
2024-11-25 08:11:50,729 [main] INFO  o.s.c.s.PostProcessorRegistrationDelegate$BeanPostProcessorChecker - Bean 'methodSecurityMetadataSource' of type [org.springframework.security.access.method.DelegatingMethodSecurityMetadataSource] is not eligible for getting processed by all BeanPostProcessors (for example: not eligible for auto-proxying)
2024-11-25 08:11:50,957 [main] INFO  o.s.b.w.embedded.tomcat.TomcatWebServer            - Tomcat initialized with port(s): 9090 (http)
2024-11-25 08:11:50,964 [main] INFO  o.apache.coyote.http11.Http11NioProtocol           - Initializing ProtocolHandler ["http-nio-9090"]
2024-11-25 08:11:50,965 [main] INFO  org.apache.catalina.core.StandardService           - Starting service [Tomcat]
2024-11-25 08:11:50,965 [main] INFO  org.apache.catalina.core.StandardEngine            - Starting Servlet engine: [Apache Tomcat/9.0.46]
2024-11-25 08:11:51,061 [main] INFO  o.a.c.c.C.[Tomcat].[localhost].[/]                 - Initializing Spring embedded WebApplicationContext
2024-11-25 08:11:51,062 [main] INFO  o.s.b.w.s.c.ServletWebServerApplicationContext     - Root WebApplicationContext: initialization completed in 1869 ms
2024-11-25 08:11:51,136 [main] WARN  o.s.b.a.o.j.JpaBaseConfiguration$JpaWebConfiguration - spring.jpa.open-in-view is enabled by default. Therefore, database queries may be performed during view rendering. Explicitly configure spring.jpa.open-in-view to disable this warning
2024-11-25 08:11:51,162 [main] INFO  com.zaxxer.hikari.HikariDataSource                 - HikariPool-1 - Starting...
2024-11-25 08:11:51,291 [main] INFO  com.zaxxer.hikari.HikariDataSource                 - HikariPool-1 - Start completed.
2024-11-25 08:11:51,377 [main] INFO  o.hibernate.jpa.internal.util.LogHelper            - HHH000204: Processing PersistenceUnitInfo [name: default]
2024-11-25 08:11:51,410 [main] INFO  org.hibernate.Version                              - HHH000412: Hibernate ORM core version 5.4.32.Final
2024-11-25 08:11:51,498 [main] INFO  org.hibernate.annotations.common.Version           - HCANN000001: Hibernate Commons Annotations {5.1.2.Final}
2024-11-25 08:11:51,615 [main] INFO  org.hibernate.dialect.Dialect                      - HHH000400: Using dialect: org.fatmansoft.teach.sqlite.SQLDialect
2024-11-25 08:11:52,207 [main] INFO  o.h.e.t.j.p.i.JtaPlatformInitiator                 - HHH000490: Using JtaPlatform implementation: [org.hibernate.engine.transaction.jta.platform.internal.NoJtaPlatform]
2024-11-25 08:11:52,212 [main] INFO  o.s.o.j.LocalContainerEntityManagerFactoryBean     - Initialized JPA EntityManagerFactory for persistence unit 'default'
2024-11-25 08:11:53,132 [main] INFO  o.s.b.a.w.s.WelcomePageHandlerMapping              - Adding welcome page: class path resource [public/index.html]
2024-11-25 08:11:53,203 [main] INFO  o.s.s.web.DefaultSecurityFilterChain               - Will secure any request with [org.springframework.security.web.context.request.async.WebAsyncManagerIntegrationFilter@58a0f75b, org.springframework.security.web.context.SecurityContextPersistenceFilter@6f986031, org.springframework.security.web.header.HeaderWriterFilter@2370c90, org.springframework.web.filter.CorsFilter@2b569858, org.springframework.security.web.authentication.logout.LogoutFilter@be9bf2e, org.fatmansoft.teach.security.jwt.AuthTokenFilter@7f20dfd5, org.springframework.security.web.savedrequest.RequestCacheAwareFilter@4a467ada, org.springframework.security.web.servletapi.SecurityContextHolderAwareRequestFilter@45a4587d, org.springframework.security.web.authentication.AnonymousAuthenticationFilter@1b84d03d, org.springframework.security.web.session.SessionManagementFilter@61627c9d, org.springframework.security.web.access.ExceptionTranslationFilter@1e9a10e9, org.springframework.security.web.access.intercept.FilterSecurityInterceptor@134ec0f3]
2024-11-25 08:11:53,346 [main] INFO  o.apache.coyote.http11.Http11NioProtocol           - Starting ProtocolHandler ["http-nio-9090"]
2024-11-25 08:11:53,376 [main] INFO  o.s.b.w.embedded.tomcat.TomcatWebServer            - Tomcat started on port(s): 9090 (http) with context path ''
2024-11-25 08:11:53,382 [main] INFO  o.f.t.SpringBootSecurityJwtApplication             - Started SpringBootSecurityJwtApplication in 4.553 seconds (JVM running for 5.149)
2024-11-25 08:11:53,384 [main] INFO  o.f.t.SpringBootSecurityJwtApplication             - SystemInitStart
2024-11-25 08:11:53,442 [main] INFO  o.f.t.SpringBootSecurityJwtApplication             - systemInitEnd
2024-11-25 08:12:03,341 [http-nio-9090-exec-1] INFO  o.a.c.c.C.[Tomcat].[localhost].[/]                 - Initializing Spring DispatcherServlet 'dispatcherServlet'
2024-11-25 08:12:03,341 [http-nio-9090-exec-1] INFO  o.s.web.servlet.DispatcherServlet                  - Initializing Servlet 'dispatcherServlet'
2024-11-25 08:12:03,342 [http-nio-9090-exec-1] INFO  o.s.web.servlet.DispatcherServlet                  - Completed initialization in 0 ms
2024-11-25 08:12:03,427 [http-nio-9090-exec-1] ERROR o.fatmansoft.teach.security.jwt.JwtUtils           - JWT token is expired: JWT expired at 2024-11-09T15:35:57Z. Current time: 2024-11-25T08:12:03Z, a difference of 1355766427 milliseconds.  Allowed clock skew: 0 milliseconds.
2024-11-25 08:12:03,784 [http-nio-9090-exec-1] INFO  o.f.teach.security.jwt.AuthTokenFilter             - /api/auth/getValidateCode,,2024-11-25 08:12:03,0.411
2024-11-25 08:12:07,397 [http-nio-9090-exec-3] ERROR o.fatmansoft.teach.security.jwt.JwtUtils           - JWT token is expired: JWT expired at 2024-11-09T15:35:57Z. Current time: 2024-11-25T08:12:07Z, a difference of 1355770397 milliseconds.  Allowed clock skew: 0 milliseconds.
2024-11-25 08:12:07,399 [http-nio-9090-exec-3] INFO  o.f.teach.security.jwt.AuthTokenFilter             - /api/auth/testValidateInfo,,2024-11-25 08:12:07,0.002
2024-11-25 08:12:07,887 [http-nio-9090-exec-2] INFO  o.f.teach.security.jwt.AuthTokenFilter             - /api/auth/login,,2024-11-25 08:12:07,0.225
2024-11-25 08:12:07,911 [http-nio-9090-exec-4] INFO  o.f.teach.security.jwt.AuthTokenFilter             - /api/base/getMenuList,admin,2024-11-25 08:12:07,0.018
2024-11-25 08:12:08,661 [http-nio-9090-exec-5] INFO  o.f.teach.security.jwt.AuthTokenFilter             - /api/statistics/getMainPageData,admin,2024-11-25 08:12:08,0.018
2024-11-25 08:12:12,362 [http-nio-9090-exec-6] INFO  o.f.teach.security.jwt.AuthTokenFilter             - /api/auth/getValidateCode,admin,2024-11-25 08:12:12,0.011
2024-11-25 08:12:18,874 [http-nio-9090-exec-7] INFO  o.f.teach.security.jwt.AuthTokenFilter             - /api/auth/getValidateCode,admin,2024-11-25 08:12:18,0.01
2024-11-25 08:12:21,940 [http-nio-9090-exec-8] INFO  o.f.teach.security.jwt.AuthTokenFilter             - /api/auth/getValidateCode,,2024-11-25 08:12:21,0.007
2024-11-25 08:12:52,331 [http-nio-9090-exec-9] INFO  o.f.teach.security.jwt.AuthTokenFilter             - /api/auth/testValidateInfo,,2024-11-25 08:12:52,0.002
2024-11-25 08:12:52,412 [http-nio-9090-exec-10] INFO  o.f.teach.security.jwt.AuthTokenFilter             - /api/auth/login,,2024-11-25 08:12:52,0.073
2024-11-25 08:12:52,430 [http-nio-9090-exec-1] INFO  o.f.teach.security.jwt.AuthTokenFilter             - /api/auth/getValidateCode,admin,2024-11-25 08:12:52,0.008
2024-11-25 08:12:52,759 [http-nio-9090-exec-3] INFO  o.f.teach.security.jwt.AuthTokenFilter             - /api/base/getMenuList,admin,2024-11-25 08:12:52,0.026
2024-11-25 08:12:53,152 [http-nio-9090-exec-2] INFO  o.f.teach.security.jwt.AuthTokenFilter             - /api/statistics/getMainPageData,admin,2024-11-25 08:12:53,0.011
2024-11-25 08:12:55,263 [http-nio-9090-exec-4] INFO  o.f.teach.security.jwt.AuthTokenFilter             - /api/student/getStudentPageData,admin,2024-11-25 08:12:55,0.019
2024-11-25 08:12:55,654 [http-nio-9090-exec-5] INFO  o.f.teach.security.jwt.AuthTokenFilter             - /api/teacher/getTeacherList,admin,2024-11-25 08:12:55,0.011
2024-11-25 08:12:57,971 [http-nio-9090-exec-6] INFO  o.f.teach.security.jwt.AuthTokenFilter             - /api/student/getStudentPageData,admin,2024-11-25 08:12:57,0.007
2024-11-25 08:13:00,965 [http-nio-9090-exec-7] INFO  o.f.teach.security.jwt.AuthTokenFilter             - /api/auth/testUserToken,admin,2024-11-25 08:13:00,0.01
2024-11-25 08:13:04,488 [http-nio-9090-exec-8] INFO  o.f.teach.security.jwt.AuthTokenFilter             - /api/base/getMenuList,200799013517,2024-11-25 08:13:04,0.012
2024-11-25 08:13:05,010 [http-nio-9090-exec-9] INFO  o.f.teach.security.jwt.AuthTokenFilter             - /api/student/getStudentPageData,200799013517,2024-11-25 08:13:04,0.016
2024-11-25 08:13:07,618 [http-nio-9090-exec-10] INFO  o.f.teach.security.jwt.AuthTokenFilter             - /api/statistics/getMainPageData,200799013517,2024-11-25 08:13:07,0.009
2024-11-25 08:13:08,465 [http-nio-9090-exec-1] INFO  o.f.teach.security.jwt.AuthTokenFilter             - /api/course/getTeacherCourse,200799013517,2024-11-25 08:13:08,0.015
2024-11-25 08:15:40,768 [http-nio-9090-exec-3] INFO  o.f.teach.security.jwt.AuthTokenFilter             - /api/auth/getValidateCode,,2024-11-25 08:15:40,0.006
2024-11-25 08:15:53,822 [http-nio-9090-exec-2] INFO  o.f.teach.security.jwt.AuthTokenFilter             - /api/course/getTeacherCourse,200799013517,2024-11-25 08:15:53,0.006
2024-11-25 08:15:56,110 [http-nio-9090-exec-4] INFO  o.f.teach.security.jwt.AuthTokenFilter             - /api/course/getTeacherCourse,200799013517,2024-11-25 08:15:56,0.005
2024-11-25 08:17:59,820 [http-nio-9090-exec-5] INFO  o.f.teach.security.jwt.AuthTokenFilter             - /api/course/getTeacherCourse,200799013517,2024-11-25 08:17:59,0.006
2024-11-25 08:18:02,342 [http-nio-9090-exec-6] INFO  o.f.teach.security.jwt.AuthTokenFilter             - /api/course/getTeacherCourse,200799013517,2024-11-25 08:18:02,0.006
2024-11-25 08:28:35,211 [SpringApplicationShutdownHook] INFO  o.s.o.j.LocalContainerEntityManagerFactoryBean     - Closing JPA EntityManagerFactory for persistence unit 'default'
2024-11-25 08:28:35,212 [SpringApplicationShutdownHook] INFO  com.zaxxer.hikari.HikariDataSource                 - HikariPool-1 - Shutdown initiated...
2024-11-25 08:28:35,214 [SpringApplicationShutdownHook] INFO  com.zaxxer.hikari.HikariDataSource                 - HikariPool-1 - Shutdown completed.
