2023-07-27 06:53:17,446 [background-preinit] INFO  o.h.validator.internal.util.Version                - HV000001: Hibernate Validator 6.2.0.Final
2023-07-27 06:53:17,453 [main] INFO  o.f.t.SpringBootSecurityJwtApplication             - Starting SpringBootSecurityJwtApplication using Java 17.0.1 on lxq with PID 29128 (D:\teach\java2\java-server\target\classes started by 14983 in D:\teach\java2\java-server)
2023-07-27 06:53:17,453 [main] INFO  o.f.t.SpringBootSecurityJwtApplication             - No active profile set, falling back to default profiles: default
2023-07-27 06:53:17,979 [main] INFO  o.s.d.r.c.RepositoryConfigurationDelegate          - Multiple Spring Data modules found, entering strict repository configuration mode!
2023-07-27 06:53:17,981 [main] INFO  o.s.d.r.c.RepositoryConfigurationDelegate          - Bootstrapping Spring Data JPA repositories in DEFAULT mode.
2023-07-27 06:53:18,060 [main] INFO  o.s.d.r.c.RepositoryConfigurationDelegate          - Finished Spring Data repository scanning in 74 ms. Found 20 JPA repository interfaces.
2023-07-27 06:53:18,383 [main] INFO  o.s.c.s.PostProcessorRegistrationDelegate$BeanPostProcessorChecker - Bean 'org.springframework.security.access.expression.method.DefaultMethodSecurityExpressionHandler@1859e2a4' of type [org.springframework.security.access.expression.method.DefaultMethodSecurityExpressionHandler] is not eligible for getting processed by all BeanPostProcessors (for example: not eligible for auto-proxying)
2023-07-27 06:53:18,385 [main] INFO  o.s.c.s.PostProcessorRegistrationDelegate$BeanPostProcessorChecker - Bean 'methodSecurityMetadataSource' of type [org.springframework.security.access.method.DelegatingMethodSecurityMetadataSource] is not eligible for getting processed by all BeanPostProcessors (for example: not eligible for auto-proxying)
2023-07-27 06:53:18,756 [main] INFO  o.s.b.w.embedded.tomcat.TomcatWebServer            - Tomcat initialized with port(s): 9090 (http)
2023-07-27 06:53:18,762 [main] INFO  o.apache.coyote.http11.Http11NioProtocol           - Initializing ProtocolHandler ["http-nio-9090"]
2023-07-27 06:53:18,762 [main] INFO  org.apache.catalina.core.StandardService           - Starting service [Tomcat]
2023-07-27 06:53:18,763 [main] INFO  org.apache.catalina.core.StandardEngine            - Starting Servlet engine: [Apache Tomcat/9.0.46]
2023-07-27 06:53:18,832 [main] INFO  o.a.c.c.C.[Tomcat].[localhost].[/]                 - Initializing Spring embedded WebApplicationContext
2023-07-27 06:53:18,832 [main] INFO  o.s.b.w.s.c.ServletWebServerApplicationContext     - Root WebApplicationContext: initialization completed in 1351 ms
2023-07-27 06:53:18,943 [main] WARN  o.s.b.a.o.j.JpaBaseConfiguration$JpaWebConfiguration - spring.jpa.open-in-view is enabled by default. Therefore, database queries may be performed during view rendering. Explicitly configure spring.jpa.open-in-view to disable this warning
2023-07-27 06:53:18,993 [main] INFO  com.zaxxer.hikari.HikariDataSource                 - HikariPool-1 - Starting...
2023-07-27 06:53:19,235 [main] INFO  com.zaxxer.hikari.HikariDataSource                 - HikariPool-1 - Start completed.
2023-07-27 06:53:19,311 [main] INFO  o.hibernate.jpa.internal.util.LogHelper            - HHH000204: Processing PersistenceUnitInfo [name: default]
2023-07-27 06:53:19,366 [main] INFO  org.hibernate.Version                              - HHH000412: Hibernate ORM core version 5.4.32.Final
2023-07-27 06:53:19,445 [main] INFO  org.hibernate.annotations.common.Version           - HCANN000001: Hibernate Commons Annotations {5.1.2.Final}
2023-07-27 06:53:19,519 [main] INFO  org.hibernate.dialect.Dialect                      - HHH000400: Using dialect: org.fatmansoft.teach.sqlite.SQLDialect
2023-07-27 06:53:19,936 [main] INFO  o.h.e.t.j.p.i.JtaPlatformInitiator                 - HHH000490: Using JtaPlatform implementation: [org.hibernate.engine.transaction.jta.platform.internal.NoJtaPlatform]
2023-07-27 06:53:19,939 [main] INFO  o.s.o.j.LocalContainerEntityManagerFactoryBean     - Initialized JPA EntityManagerFactory for persistence unit 'default'
2023-07-27 06:53:21,111 [main] INFO  o.s.s.web.DefaultSecurityFilterChain               - Will secure any request with [org.springframework.security.web.context.request.async.WebAsyncManagerIntegrationFilter@21e15093, org.springframework.security.web.context.SecurityContextPersistenceFilter@20e7152a, org.springframework.security.web.header.HeaderWriterFilter@20ddc780, org.springframework.web.filter.CorsFilter@62cf873a, org.springframework.security.web.authentication.logout.LogoutFilter@2a7b4bb6, org.fatmansoft.teach.security.jwt.AuthTokenFilter@6a6a3fc4, org.springframework.security.web.savedrequest.RequestCacheAwareFilter@3b72860c, org.springframework.security.web.servletapi.SecurityContextHolderAwareRequestFilter@30b29f55, org.springframework.security.web.authentication.AnonymousAuthenticationFilter@21b3d356, org.springframework.security.web.session.SessionManagementFilter@1c80f8dd, org.springframework.security.web.access.ExceptionTranslationFilter@22f0e329, org.springframework.security.web.access.intercept.FilterSecurityInterceptor@1ece052b]
2023-07-27 06:53:21,255 [main] INFO  o.apache.coyote.http11.Http11NioProtocol           - Starting ProtocolHandler ["http-nio-9090"]
2023-07-27 06:53:21,281 [main] INFO  o.s.b.w.embedded.tomcat.TomcatWebServer            - Tomcat started on port(s): 9090 (http) with context path ''
2023-07-27 06:53:21,287 [main] INFO  o.f.t.SpringBootSecurityJwtApplication             - Started SpringBootSecurityJwtApplication in 4.099 seconds (JVM running for 4.555)
2023-07-27 06:53:21,290 [main] INFO  o.f.t.SpringBootSecurityJwtApplication             - SystemInitStart
2023-07-27 06:53:21,364 [main] INFO  o.f.t.SpringBootSecurityJwtApplication             - systemInitEnd
2023-07-27 06:53:25,866 [http-nio-9090-exec-1] INFO  o.a.c.c.C.[Tomcat].[localhost].[/]                 - Initializing Spring DispatcherServlet 'dispatcherServlet'
2023-07-27 06:53:25,866 [http-nio-9090-exec-1] INFO  o.s.web.servlet.DispatcherServlet                  - Initializing Servlet 'dispatcherServlet'
2023-07-27 06:53:25,867 [http-nio-9090-exec-1] INFO  o.s.web.servlet.DispatcherServlet                  - Completed initialization in 1 ms
2023-07-27 06:53:26,117 [http-nio-9090-exec-1] INFO  o.f.teach.security.jwt.AuthTokenFilter             - /api/auth/getValidateCode,,2023-07-27 06:53:25,0.236
2023-07-27 06:53:45,038 [http-nio-9090-exec-2] INFO  o.f.teach.security.jwt.AuthTokenFilter             - /api/auth/testValidateInfo,,2023-07-27 06:53:45,0.003
2023-07-27 06:53:45,194 [http-nio-9090-exec-6] INFO  o.f.teach.security.jwt.AuthTokenFilter             - /api/auth/login,,2023-07-27 06:53:45,0.147
2023-07-27 06:53:45,224 [http-nio-9090-exec-4] INFO  o.f.teach.security.jwt.AuthTokenFilter             - /api/base/getMenuList,admin,2023-07-27 06:53:45,0.024
2023-07-27 06:53:45,246 [http-nio-9090-exec-5] INFO  o.f.teach.security.jwt.AuthTokenFilter             - /api/auth/getValidateCode,admin,2023-07-27 06:53:45,0.006
2023-07-27 06:53:45,693 [http-nio-9090-exec-3] INFO  o.f.teach.security.jwt.AuthTokenFilter             - /api/statistics/getMainPageData,admin,2023-07-27 06:53:45,0.01
2023-07-27 06:54:28,319 [http-nio-9090-exec-7] INFO  o.f.teach.security.jwt.AuthTokenFilter             - /api/auth/getValidateCode,,2023-07-27 06:54:28,0.005
2023-07-27 06:54:37,382 [http-nio-9090-exec-8] INFO  o.f.teach.security.jwt.AuthTokenFilter             - /api/auth/getValidateCode,,2023-07-27 06:54:37,0.004
2023-07-27 06:54:44,512 [http-nio-9090-exec-9] INFO  o.f.teach.security.jwt.AuthTokenFilter             - /api/auth/testValidateInfo,,2023-07-27 06:54:44,0.003
2023-07-27 06:54:44,587 [http-nio-9090-exec-10] INFO  o.f.teach.security.jwt.AuthTokenFilter             - /api/auth/login,,2023-07-27 06:54:44,0.068
2023-07-27 06:54:44,598 [http-nio-9090-exec-1] INFO  o.f.teach.security.jwt.AuthTokenFilter             - /api/base/getMenuList,admin,2023-07-27 06:54:44,0.006
2023-07-27 06:54:44,616 [http-nio-9090-exec-2] INFO  o.f.teach.security.jwt.AuthTokenFilter             - /api/auth/getValidateCode,admin,2023-07-27 06:54:44,0.005
2023-07-27 06:54:44,980 [http-nio-9090-exec-6] INFO  o.f.teach.security.jwt.AuthTokenFilter             - /api/statistics/getMainPageData,admin,2023-07-27 06:54:44,0.005
2023-07-27 06:54:48,448 [http-nio-9090-exec-4] INFO  o.f.teach.security.jwt.AuthTokenFilter             - /api/student/getStudentPageData,admin,2023-07-27 06:54:48,0.009
2023-07-27 06:54:51,166 [http-nio-9090-exec-5] INFO  o.f.teach.security.jwt.AuthTokenFilter             - /api/teacher/getTeacherList,admin,2023-07-27 06:54:51,0.01
2023-07-27 06:54:54,955 [http-nio-9090-exec-3] INFO  o.f.teach.security.jwt.AuthTokenFilter             - /api/statistics/getMainPageData,admin,2023-07-27 06:54:54,0.005
2023-07-27 06:54:56,721 [http-nio-9090-exec-7] INFO  o.f.teach.security.jwt.AuthTokenFilter             - /api/course/getCourseList,admin,2023-07-27 06:54:56,0.01
2023-07-27 06:54:59,326 [http-nio-9090-exec-8] INFO  o.f.teach.security.jwt.AuthTokenFilter             - /api/score/getScoreList,admin,2023-07-27 06:54:59,0.005
2023-07-27 06:54:59,560 [http-nio-9090-exec-9] INFO  o.f.teach.security.jwt.AuthTokenFilter             - /api/score/getStudentItemOptionList,admin,2023-07-27 06:54:59,0.005
2023-07-27 06:54:59,644 [http-nio-9090-exec-10] INFO  o.f.teach.security.jwt.AuthTokenFilter             - /api/score/getCourseItemOptionList,admin,2023-07-27 06:54:59,0.008
2023-07-27 07:00:44,302 [SpringApplicationShutdownHook] INFO  o.s.o.j.LocalContainerEntityManagerFactoryBean     - Closing JPA EntityManagerFactory for persistence unit 'default'
2023-07-27 07:00:44,303 [SpringApplicationShutdownHook] INFO  com.zaxxer.hikari.HikariDataSource                 - HikariPool-1 - Shutdown initiated...
2023-07-27 07:00:44,305 [SpringApplicationShutdownHook] INFO  com.zaxxer.hikari.HikariDataSource                 - HikariPool-1 - Shutdown completed.
2023-07-27 07:20:05,546 [background-preinit] INFO  o.h.validator.internal.util.Version                - HV000001: Hibernate Validator 6.2.0.Final
2023-07-27 07:20:05,554 [main] INFO  o.f.t.SpringBootSecurityJwtApplication             - Starting SpringBootSecurityJwtApplication using Java 17.0.1 on lxq with PID 29960 (D:\teach\web\java-server\target\classes started by 14983 in D:\teach\web\java-server)
2023-07-27 07:20:05,555 [main] INFO  o.f.t.SpringBootSecurityJwtApplication             - No active profile set, falling back to default profiles: default
2023-07-27 07:20:06,112 [main] INFO  o.s.d.r.c.RepositoryConfigurationDelegate          - Multiple Spring Data modules found, entering strict repository configuration mode!
2023-07-27 07:20:06,113 [main] INFO  o.s.d.r.c.RepositoryConfigurationDelegate          - Bootstrapping Spring Data JPA repositories in DEFAULT mode.
2023-07-27 07:20:06,189 [main] INFO  o.s.d.r.c.RepositoryConfigurationDelegate          - Finished Spring Data repository scanning in 71 ms. Found 20 JPA repository interfaces.
2023-07-27 07:20:06,488 [main] INFO  o.s.c.s.PostProcessorRegistrationDelegate$BeanPostProcessorChecker - Bean 'org.springframework.security.access.expression.method.DefaultMethodSecurityExpressionHandler@1457fde' of type [org.springframework.security.access.expression.method.DefaultMethodSecurityExpressionHandler] is not eligible for getting processed by all BeanPostProcessors (for example: not eligible for auto-proxying)
2023-07-27 07:20:06,490 [main] INFO  o.s.c.s.PostProcessorRegistrationDelegate$BeanPostProcessorChecker - Bean 'methodSecurityMetadataSource' of type [org.springframework.security.access.method.DelegatingMethodSecurityMetadataSource] is not eligible for getting processed by all BeanPostProcessors (for example: not eligible for auto-proxying)
2023-07-27 07:20:06,815 [main] INFO  o.s.b.w.embedded.tomcat.TomcatWebServer            - Tomcat initialized with port(s): 9090 (http)
2023-07-27 07:20:06,833 [main] INFO  o.apache.coyote.http11.Http11NioProtocol           - Initializing ProtocolHandler ["http-nio-9090"]
2023-07-27 07:20:06,833 [main] INFO  org.apache.catalina.core.StandardService           - Starting service [Tomcat]
2023-07-27 07:20:06,833 [main] INFO  org.apache.catalina.core.StandardEngine            - Starting Servlet engine: [Apache Tomcat/9.0.46]
2023-07-27 07:20:06,926 [main] INFO  o.a.c.c.C.[Tomcat].[localhost].[/]                 - Initializing Spring embedded WebApplicationContext
2023-07-27 07:20:06,926 [main] INFO  o.s.b.w.s.c.ServletWebServerApplicationContext     - Root WebApplicationContext: initialization completed in 1336 ms
2023-07-27 07:20:07,020 [main] WARN  o.s.b.a.o.j.JpaBaseConfiguration$JpaWebConfiguration - spring.jpa.open-in-view is enabled by default. Therefore, database queries may be performed during view rendering. Explicitly configure spring.jpa.open-in-view to disable this warning
2023-07-27 07:20:07,086 [main] INFO  com.zaxxer.hikari.HikariDataSource                 - HikariPool-1 - Starting...
2023-07-27 07:20:07,328 [main] INFO  com.zaxxer.hikari.HikariDataSource                 - HikariPool-1 - Start completed.
2023-07-27 07:20:07,402 [main] INFO  o.hibernate.jpa.internal.util.LogHelper            - HHH000204: Processing PersistenceUnitInfo [name: default]
2023-07-27 07:20:07,462 [main] INFO  org.hibernate.Version                              - HHH000412: Hibernate ORM core version 5.4.32.Final
2023-07-27 07:20:07,653 [main] INFO  org.hibernate.annotations.common.Version           - HCANN000001: Hibernate Commons Annotations {5.1.2.Final}
2023-07-27 07:20:07,739 [main] INFO  org.hibernate.dialect.Dialect                      - HHH000400: Using dialect: org.fatmansoft.teach.sqlite.SQLDialect
2023-07-27 07:20:08,159 [main] INFO  o.h.e.t.j.p.i.JtaPlatformInitiator                 - HHH000490: Using JtaPlatform implementation: [org.hibernate.engine.transaction.jta.platform.internal.NoJtaPlatform]
2023-07-27 07:20:08,163 [main] INFO  o.s.o.j.LocalContainerEntityManagerFactoryBean     - Initialized JPA EntityManagerFactory for persistence unit 'default'
2023-07-27 07:20:09,453 [main] INFO  o.s.b.a.w.s.WelcomePageHandlerMapping              - Adding welcome page: class path resource [public/index.html]
2023-07-27 07:20:09,572 [main] INFO  o.s.s.web.DefaultSecurityFilterChain               - Will secure any request with [org.springframework.security.web.context.request.async.WebAsyncManagerIntegrationFilter@52a8f789, org.springframework.security.web.context.SecurityContextPersistenceFilter@5183131d, org.springframework.security.web.header.HeaderWriterFilter@2fd409c1, org.springframework.web.filter.CorsFilter@5345552f, org.springframework.security.web.authentication.logout.LogoutFilter@36570936, org.fatmansoft.teach.security.jwt.AuthTokenFilter@30221cfa, org.springframework.security.web.savedrequest.RequestCacheAwareFilter@69c263f8, org.springframework.security.web.servletapi.SecurityContextHolderAwareRequestFilter@723f8990, org.springframework.security.web.authentication.AnonymousAuthenticationFilter@55ba4bff, org.springframework.security.web.session.SessionManagementFilter@113e6e06, org.springframework.security.web.access.ExceptionTranslationFilter@75caecf7, org.springframework.security.web.access.intercept.FilterSecurityInterceptor@5694f6a0]
2023-07-27 07:20:09,773 [main] INFO  o.apache.coyote.http11.Http11NioProtocol           - Starting ProtocolHandler ["http-nio-9090"]
2023-07-27 07:20:09,829 [main] INFO  o.s.b.w.embedded.tomcat.TomcatWebServer            - Tomcat started on port(s): 9090 (http) with context path ''
2023-07-27 07:20:09,839 [main] INFO  o.f.t.SpringBootSecurityJwtApplication             - Started SpringBootSecurityJwtApplication in 4.554 seconds (JVM running for 5.046)
2023-07-27 07:20:09,842 [main] INFO  o.f.t.SpringBootSecurityJwtApplication             - SystemInitStart
2023-07-27 07:20:09,944 [main] INFO  o.f.t.SpringBootSecurityJwtApplication             - systemInitEnd
2023-07-27 07:20:25,405 [http-nio-9090-exec-1] INFO  o.a.c.c.C.[Tomcat].[localhost].[/]                 - Initializing Spring DispatcherServlet 'dispatcherServlet'
2023-07-27 07:20:25,406 [http-nio-9090-exec-1] INFO  o.s.web.servlet.DispatcherServlet                  - Initializing Servlet 'dispatcherServlet'
2023-07-27 07:20:25,406 [http-nio-9090-exec-1] INFO  o.s.web.servlet.DispatcherServlet                  - Completed initialization in 0 ms
2023-07-27 07:20:25,775 [http-nio-9090-exec-1] INFO  o.f.teach.security.jwt.AuthTokenFilter             - /api/auth/getValidateCode,,2023-07-27 07:20:25,0.348
2023-07-27 07:20:29,299 [http-nio-9090-exec-2] INFO  o.f.teach.security.jwt.AuthTokenFilter             - /api/auth/getValidateCode,,2023-07-27 07:20:29,0.005
2023-07-27 07:20:46,713 [http-nio-9090-exec-4] INFO  o.f.teach.security.jwt.AuthTokenFilter             - /api/auth/getValidateCode,,2023-07-27 07:20:46,0.004
2023-07-27 07:20:53,915 [http-nio-9090-exec-3] INFO  o.f.teach.security.jwt.AuthTokenFilter             - /api/auth/testValidateInfo,,2023-07-27 07:20:53,0.005
2023-07-27 07:20:54,097 [http-nio-9090-exec-5] INFO  o.f.teach.security.jwt.AuthTokenFilter             - /api/auth/login,,2023-07-27 07:20:53,0.178
2023-07-27 07:20:54,112 [http-nio-9090-exec-6] INFO  o.f.teach.security.jwt.AuthTokenFilter             - /api/base/getMenuList,admin,2023-07-27 07:20:54,0.015
2023-07-27 07:20:54,141 [http-nio-9090-exec-8] INFO  o.f.teach.security.jwt.AuthTokenFilter             - /api/auth/getValidateCode,admin,2023-07-27 07:20:54,0.007
2023-07-27 07:20:54,587 [http-nio-9090-exec-9] INFO  o.f.teach.security.jwt.AuthTokenFilter             - /api/statistics/getMainPageData,admin,2023-07-27 07:20:54,0.011
2023-07-27 07:21:52,615 [SpringApplicationShutdownHook] INFO  o.s.o.j.LocalContainerEntityManagerFactoryBean     - Closing JPA EntityManagerFactory for persistence unit 'default'
2023-07-27 07:21:52,615 [SpringApplicationShutdownHook] INFO  com.zaxxer.hikari.HikariDataSource                 - HikariPool-1 - Shutdown initiated...
2023-07-27 07:21:52,615 [SpringApplicationShutdownHook] INFO  com.zaxxer.hikari.HikariDataSource                 - HikariPool-1 - Shutdown completed.
