2024-12-08 22:34:12,198 [background-preinit] INFO  o.h.validator.internal.util.Version                - HV000001: Hibernate Validator 6.2.0.Final
2024-12-08 22:34:12,212 [main] INFO  o.f.t.SpringBootSecurityJwtApplication             - Starting SpringBootSecurityJwtApplication using Java 17.0.8 on LAPTOP-93H8MNO6 with PID 47904 (C:\Users\28425\Downloads\teach-web-master\teach-web\java-server\target\classes started by 28425 in C:\Users\28425\Downloads\teach-web-master\teach-web\java-server)
2024-12-08 22:34:12,212 [main] INFO  o.f.t.SpringBootSecurityJwtApplication             - No active profile set, falling back to default profiles: default
2024-12-08 22:34:13,288 [main] INFO  o.s.d.r.c.RepositoryConfigurationDelegate          - Multiple Spring Data modules found, entering strict repository configuration mode!
2024-12-08 22:34:13,290 [main] INFO  o.s.d.r.c.RepositoryConfigurationDelegate          - Bootstrapping Spring Data JPA repositories in DEFAULT mode.
2024-12-08 22:34:13,488 [main] INFO  o.s.d.r.c.RepositoryConfigurationDelegate          - Finished Spring Data repository scanning in 191 ms. Found 20 JPA repository interfaces.
2024-12-08 22:34:13,803 [main] INFO  o.s.c.s.PostProcessorRegistrationDelegate$BeanPostProcessorChecker - Bean 'org.springframework.security.access.expression.method.DefaultMethodSecurityExpressionHandler@791c12e3' of type [org.springframework.security.access.expression.method.DefaultMethodSecurityExpressionHandler] is not eligible for getting processed by all BeanPostProcessors (for example: not eligible for auto-proxying)
2024-12-08 22:34:13,807 [main] INFO  o.s.c.s.PostProcessorRegistrationDelegate$BeanPostProcessorChecker - Bean 'methodSecurityMetadataSource' of type [org.springframework.security.access.method.DelegatingMethodSecurityMetadataSource] is not eligible for getting processed by all BeanPostProcessors (for example: not eligible for auto-proxying)
2024-12-08 22:34:14,085 [main] INFO  o.s.b.w.embedded.tomcat.TomcatWebServer            - Tomcat initialized with port(s): 9090 (http)
2024-12-08 22:34:14,097 [main] INFO  o.apache.coyote.http11.Http11NioProtocol           - Initializing ProtocolHandler ["http-nio-9090"]
2024-12-08 22:34:14,097 [main] INFO  org.apache.catalina.core.StandardService           - Starting service [Tomcat]
2024-12-08 22:34:14,097 [main] INFO  org.apache.catalina.core.StandardEngine            - Starting Servlet engine: [Apache Tomcat/9.0.46]
2024-12-08 22:34:14,255 [main] INFO  o.a.c.c.C.[Tomcat].[localhost].[/]                 - Initializing Spring embedded WebApplicationContext
2024-12-08 22:34:14,256 [main] INFO  o.s.b.w.s.c.ServletWebServerApplicationContext     - Root WebApplicationContext: initialization completed in 1991 ms
2024-12-08 22:34:14,368 [main] WARN  o.s.b.a.o.j.JpaBaseConfiguration$JpaWebConfiguration - spring.jpa.open-in-view is enabled by default. Therefore, database queries may be performed during view rendering. Explicitly configure spring.jpa.open-in-view to disable this warning
2024-12-08 22:34:14,414 [main] INFO  com.zaxxer.hikari.HikariDataSource                 - HikariPool-1 - Starting...
2024-12-08 22:34:14,532 [main] INFO  com.zaxxer.hikari.HikariDataSource                 - HikariPool-1 - Start completed.
2024-12-08 22:34:14,669 [main] INFO  o.hibernate.jpa.internal.util.LogHelper            - HHH000204: Processing PersistenceUnitInfo [name: default]
2024-12-08 22:34:14,738 [main] INFO  org.hibernate.Version                              - HHH000412: Hibernate ORM core version 5.4.32.Final
2024-12-08 22:34:14,926 [main] INFO  org.hibernate.annotations.common.Version           - HCANN000001: Hibernate Commons Annotations {5.1.2.Final}
2024-12-08 22:34:15,054 [main] INFO  org.hibernate.dialect.Dialect                      - HHH000400: Using dialect: org.fatmansoft.teach.sqlite.SQLDialect
2024-12-08 22:34:15,889 [main] INFO  o.h.e.t.j.p.i.JtaPlatformInitiator                 - HHH000490: Using JtaPlatform implementation: [org.hibernate.engine.transaction.jta.platform.internal.NoJtaPlatform]
2024-12-08 22:34:15,898 [main] INFO  o.s.o.j.LocalContainerEntityManagerFactoryBean     - Initialized JPA EntityManagerFactory for persistence unit 'default'
2024-12-08 22:34:17,057 [main] INFO  o.s.b.a.w.s.WelcomePageHandlerMapping              - Adding welcome page: class path resource [public/index.html]
2024-12-08 22:34:17,133 [main] INFO  o.s.s.web.DefaultSecurityFilterChain               - Will secure any request with [org.springframework.security.web.context.request.async.WebAsyncManagerIntegrationFilter@44c54463, org.springframework.security.web.context.SecurityContextPersistenceFilter@6bf70600, org.springframework.security.web.header.HeaderWriterFilter@2512155e, org.springframework.web.filter.CorsFilter@64b20d9c, org.springframework.security.web.authentication.logout.LogoutFilter@7cc842b0, org.fatmansoft.teach.security.jwt.AuthTokenFilter@1f02b6d1, org.springframework.security.web.savedrequest.RequestCacheAwareFilter@57a0aeb8, org.springframework.security.web.servletapi.SecurityContextHolderAwareRequestFilter@2bf0bb93, org.springframework.security.web.authentication.AnonymousAuthenticationFilter@6fc3f1a7, org.springframework.security.web.session.SessionManagementFilter@4645a575, org.springframework.security.web.access.ExceptionTranslationFilter@4a467ada, org.springframework.security.web.access.intercept.FilterSecurityInterceptor@365a4b9b]
2024-12-08 22:34:17,321 [main] INFO  o.apache.coyote.http11.Http11NioProtocol           - Starting ProtocolHandler ["http-nio-9090"]
2024-12-08 22:34:17,358 [main] INFO  o.s.b.w.embedded.tomcat.TomcatWebServer            - Tomcat started on port(s): 9090 (http) with context path ''
2024-12-08 22:34:17,366 [main] INFO  o.f.t.SpringBootSecurityJwtApplication             - Started SpringBootSecurityJwtApplication in 5.682 seconds (JVM running for 6.927)
2024-12-08 22:34:17,368 [main] INFO  o.f.t.SpringBootSecurityJwtApplication             - SystemInitStart
2024-12-08 22:34:17,433 [main] INFO  o.f.t.SpringBootSecurityJwtApplication             - systemInitEnd
2024-12-08 22:35:21,210 [http-nio-9090-exec-1] INFO  o.a.c.c.C.[Tomcat].[localhost].[/]                 - Initializing Spring DispatcherServlet 'dispatcherServlet'
2024-12-08 22:35:21,210 [http-nio-9090-exec-1] INFO  o.s.web.servlet.DispatcherServlet                  - Initializing Servlet 'dispatcherServlet'
2024-12-08 22:35:21,211 [http-nio-9090-exec-1] INFO  o.s.web.servlet.DispatcherServlet                  - Completed initialization in 1 ms
2024-12-08 22:35:21,327 [http-nio-9090-exec-1] ERROR o.fatmansoft.teach.security.jwt.JwtUtils           - JWT token is expired: JWT expired at 2024-12-07T15:26:51Z. Current time: 2024-12-08T22:35:21Z, a difference of 112110326 milliseconds.  Allowed clock skew: 0 milliseconds.
2024-12-08 22:35:21,910 [http-nio-9090-exec-1] INFO  o.f.teach.security.jwt.AuthTokenFilter             - /api/auth/getValidateCode,,2024-12-08 22:35:21,0.661
2024-12-08 22:35:23,407 [http-nio-9090-exec-4] ERROR o.fatmansoft.teach.security.jwt.JwtUtils           - JWT token is expired: JWT expired at 2024-12-07T15:26:51Z. Current time: 2024-12-08T22:35:23Z, a difference of 112112407 milliseconds.  Allowed clock skew: 0 milliseconds.
2024-12-08 22:35:23,410 [http-nio-9090-exec-4] INFO  o.f.teach.security.jwt.AuthTokenFilter             - /api/auth/testValidateInfo,,2024-12-08 22:35:23,0.004
2024-12-08 22:35:23,622 [http-nio-9090-exec-9] INFO  o.f.teach.security.jwt.AuthTokenFilter             - /api/auth/login,,2024-12-08 22:35:23,0.201
2024-12-08 22:35:23,645 [http-nio-9090-exec-3] INFO  o.f.teach.security.jwt.AuthTokenFilter             - /api/base/getMenuList,admin,2024-12-08 22:35:23,0.017
2024-12-08 22:35:24,297 [http-nio-9090-exec-5] INFO  o.f.teach.security.jwt.AuthTokenFilter             - /api/statistics/getMainPageData,admin,2024-12-08 22:35:24,0.015
2024-12-08 22:35:26,699 [http-nio-9090-exec-6] INFO  o.f.teach.security.jwt.AuthTokenFilter             - /api/student/getStudentPageData,admin,2024-12-08 22:35:26,0.016
2024-12-08 22:35:27,771 [http-nio-9090-exec-8] INFO  o.f.teach.security.jwt.AuthTokenFilter             - /api/statistics/getMainPageData,admin,2024-12-08 22:35:27,0.01
2024-12-08 22:35:28,651 [http-nio-9090-exec-7] INFO  o.f.teach.security.jwt.AuthTokenFilter             - /api/course/getCourseList,admin,2024-12-08 22:35:28,0.009
2024-12-08 22:35:28,974 [http-nio-9090-exec-10] INFO  o.f.teach.security.jwt.AuthTokenFilter             - /api/teacher/getTeacherList,admin,2024-12-08 22:35:28,0.01
2024-12-08 22:35:29,373 [http-nio-9090-exec-2] INFO  o.f.teach.security.jwt.AuthTokenFilter             - /api/score/getScoreList,admin,2024-12-08 22:35:29,0.008
2024-12-08 22:35:29,704 [http-nio-9090-exec-1] INFO  o.f.teach.security.jwt.AuthTokenFilter             - /api/score/getStudentItemOptionList,admin,2024-12-08 22:35:29,0.008
2024-12-08 22:35:29,952 [http-nio-9090-exec-4] INFO  o.f.teach.security.jwt.AuthTokenFilter             - /api/score/getCourseItemOptionList,admin,2024-12-08 22:35:29,0.007
2024-12-08 22:35:30,033 [http-nio-9090-exec-9] INFO  o.f.teach.security.jwt.AuthTokenFilter             - /api/course/getCourseList,admin,2024-12-08 22:35:30,0.009
2024-12-08 22:35:30,277 [http-nio-9090-exec-3] INFO  o.f.teach.security.jwt.AuthTokenFilter             - /api/teacher/getTeacherList,admin,2024-12-08 22:35:30,0.005
2024-12-08 22:37:12,218 [http-nio-9090-exec-5] ERROR o.fatmansoft.teach.security.jwt.JwtUtils           - JWT token is expired: JWT expired at 2024-12-07T15:26:51Z. Current time: 2024-12-08T22:37:12Z, a difference of 112221218 milliseconds.  Allowed clock skew: 0 milliseconds.
2024-12-08 22:37:12,219 [http-nio-9090-exec-5] ERROR o.f.teach.security.jwt.AuthEntryPointJwt           - Unauthorized error: Full authentication is required to access this resource
2024-12-08 22:37:12,220 [http-nio-9090-exec-5] INFO  o.f.teach.security.jwt.AuthTokenFilter             - /api/base/getMenuList,,2024-12-08 22:37:12,0.001
2024-12-08 22:37:13,471 [http-nio-9090-exec-6] ERROR o.fatmansoft.teach.security.jwt.JwtUtils           - JWT token is expired: JWT expired at 2024-12-07T15:26:51Z. Current time: 2024-12-08T22:37:13Z, a difference of 112222471 milliseconds.  Allowed clock skew: 0 milliseconds.
2024-12-08 22:37:13,472 [http-nio-9090-exec-6] ERROR o.f.teach.security.jwt.AuthEntryPointJwt           - Unauthorized error: Full authentication is required to access this resource
2024-12-08 22:37:13,472 [http-nio-9090-exec-6] INFO  o.f.teach.security.jwt.AuthTokenFilter             - /api/statistics/getMainPageData,,2024-12-08 22:37:13,0.002
2024-12-08 22:37:15,144 [http-nio-9090-exec-8] ERROR o.fatmansoft.teach.security.jwt.JwtUtils           - JWT token is expired: JWT expired at 2024-12-07T15:26:51Z. Current time: 2024-12-08T22:37:15Z, a difference of 112224144 milliseconds.  Allowed clock skew: 0 milliseconds.
2024-12-08 22:37:15,145 [http-nio-9090-exec-8] ERROR o.f.teach.security.jwt.AuthEntryPointJwt           - Unauthorized error: Full authentication is required to access this resource
2024-12-08 22:37:15,147 [http-nio-9090-exec-8] INFO  o.f.teach.security.jwt.AuthTokenFilter             - /api/course/getCourseList,,2024-12-08 22:37:15,0.004
2024-12-08 22:37:16,647 [http-nio-9090-exec-7] ERROR o.fatmansoft.teach.security.jwt.JwtUtils           - JWT token is expired: JWT expired at 2024-12-07T15:26:51Z. Current time: 2024-12-08T22:37:16Z, a difference of 112225647 milliseconds.  Allowed clock skew: 0 milliseconds.
2024-12-08 22:37:16,647 [http-nio-9090-exec-7] ERROR o.f.teach.security.jwt.AuthEntryPointJwt           - Unauthorized error: Full authentication is required to access this resource
2024-12-08 22:37:16,647 [http-nio-9090-exec-7] INFO  o.f.teach.security.jwt.AuthTokenFilter             - /api/score/getScoreList,,2024-12-08 22:37:16,0.001
2024-12-08 22:37:17,617 [http-nio-9090-exec-10] ERROR o.fatmansoft.teach.security.jwt.JwtUtils           - JWT token is expired: JWT expired at 2024-12-07T15:26:51Z. Current time: 2024-12-08T22:37:17Z, a difference of 112226617 milliseconds.  Allowed clock skew: 0 milliseconds.
2024-12-08 22:37:17,618 [http-nio-9090-exec-10] ERROR o.f.teach.security.jwt.AuthEntryPointJwt           - Unauthorized error: Full authentication is required to access this resource
2024-12-08 22:37:17,619 [http-nio-9090-exec-10] INFO  o.f.teach.security.jwt.AuthTokenFilter             - /api/course/getCourseList,,2024-12-08 22:37:17,0.003
2024-12-08 22:37:18,838 [http-nio-9090-exec-2] ERROR o.fatmansoft.teach.security.jwt.JwtUtils           - JWT token is expired: JWT expired at 2024-12-07T15:26:51Z. Current time: 2024-12-08T22:37:18Z, a difference of 112227838 milliseconds.  Allowed clock skew: 0 milliseconds.
2024-12-08 22:37:18,839 [http-nio-9090-exec-2] ERROR o.f.teach.security.jwt.AuthEntryPointJwt           - Unauthorized error: Full authentication is required to access this resource
2024-12-08 22:37:18,839 [http-nio-9090-exec-2] INFO  o.f.teach.security.jwt.AuthTokenFilter             - /api/base/getMenuList,,2024-12-08 22:37:18,0.002
2024-12-08 22:37:20,427 [http-nio-9090-exec-1] ERROR o.fatmansoft.teach.security.jwt.JwtUtils           - JWT token is expired: JWT expired at 2024-12-07T15:26:51Z. Current time: 2024-12-08T22:37:20Z, a difference of 112229427 milliseconds.  Allowed clock skew: 0 milliseconds.
2024-12-08 22:37:20,427 [http-nio-9090-exec-1] ERROR o.f.teach.security.jwt.AuthEntryPointJwt           - Unauthorized error: Full authentication is required to access this resource
2024-12-08 22:37:20,428 [http-nio-9090-exec-1] INFO  o.f.teach.security.jwt.AuthTokenFilter             - /api/base/getMenuList,,2024-12-08 22:37:20,0.001
2024-12-08 22:37:21,171 [http-nio-9090-exec-4] ERROR o.fatmansoft.teach.security.jwt.JwtUtils           - JWT token is expired: JWT expired at 2024-12-07T15:26:51Z. Current time: 2024-12-08T22:37:21Z, a difference of 112230171 milliseconds.  Allowed clock skew: 0 milliseconds.
2024-12-08 22:37:21,181 [http-nio-9090-exec-4] INFO  o.f.teach.security.jwt.AuthTokenFilter             - /api/auth/testUserToken,,2024-12-08 22:37:21,0.011
2024-12-08 22:37:22,508 [http-nio-9090-exec-9] INFO  o.f.teach.security.jwt.AuthTokenFilter             - /api/base/getMenuList,admin,2024-12-08 22:37:22,0.023
2024-12-08 22:37:23,162 [http-nio-9090-exec-3] INFO  o.f.teach.security.jwt.AuthTokenFilter             - /api/course/getCourseList,admin,2024-12-08 22:37:23,0.004
2024-12-08 22:37:23,173 [http-nio-9090-exec-5] INFO  o.f.teach.security.jwt.AuthTokenFilter             - /api/teacher/getTeacherList,admin,2024-12-08 22:37:23,0.005
2024-12-08 22:37:23,383 [http-nio-9090-exec-6] INFO  o.f.teach.security.jwt.AuthTokenFilter             - /api/statistics/getMainPageData,admin,2024-12-08 22:37:23,0.007
2024-12-08 22:37:23,956 [http-nio-9090-exec-8] INFO  o.f.teach.security.jwt.AuthTokenFilter             - /api/course/getCourseList,admin,2024-12-08 22:37:23,0.007
2024-12-08 22:37:23,975 [http-nio-9090-exec-7] INFO  o.f.teach.security.jwt.AuthTokenFilter             - /api/teacher/getTeacherList,admin,2024-12-08 22:37:23,0.005
2024-12-08 22:37:26,344 [http-nio-9090-exec-10] INFO  o.f.teach.security.jwt.AuthTokenFilter             - /api/score/getScoreList,admin,2024-12-08 22:37:26,0.014
2024-12-08 22:37:26,665 [http-nio-9090-exec-2] INFO  o.f.teach.security.jwt.AuthTokenFilter             - /api/score/getStudentItemOptionList,admin,2024-12-08 22:37:26,0.005
2024-12-08 22:37:26,937 [http-nio-9090-exec-1] INFO  o.f.teach.security.jwt.AuthTokenFilter             - /api/score/getCourseItemOptionList,admin,2024-12-08 22:37:26,0.008
2024-12-08 22:39:09,120 [http-nio-9090-exec-4] INFO  o.f.teach.security.jwt.AuthTokenFilter             - /api/score/getScoreList,admin,2024-12-08 22:39:09,0.006
2024-12-08 22:39:09,229 [http-nio-9090-exec-9] INFO  o.f.teach.security.jwt.AuthTokenFilter             - /api/score/getStudentItemOptionList,admin,2024-12-08 22:39:09,0.005
2024-12-08 22:39:09,293 [http-nio-9090-exec-3] INFO  o.f.teach.security.jwt.AuthTokenFilter             - /api/score/getCourseItemOptionList,admin,2024-12-08 22:39:09,0.006
2024-12-08 22:44:52,327 [http-nio-9090-exec-5] INFO  o.f.teach.security.jwt.AuthTokenFilter             - /api/score/getScoreList,admin,2024-12-08 22:44:52,0.012
2024-12-08 22:44:52,528 [http-nio-9090-exec-6] INFO  o.f.teach.security.jwt.AuthTokenFilter             - /api/score/getStudentItemOptionList,admin,2024-12-08 22:44:52,0.007
2024-12-08 22:44:52,653 [http-nio-9090-exec-8] INFO  o.f.teach.security.jwt.AuthTokenFilter             - /api/score/getCourseItemOptionList,admin,2024-12-08 22:44:52,0.007
2024-12-08 22:44:58,957 [http-nio-9090-exec-7] INFO  o.f.teach.security.jwt.AuthTokenFilter             - /api/score/getScoreList,admin,2024-12-08 22:44:58,0.013
2024-12-08 22:44:59,022 [http-nio-9090-exec-10] INFO  o.f.teach.security.jwt.AuthTokenFilter             - /api/score/getStudentItemOptionList,admin,2024-12-08 22:44:59,0.006
2024-12-08 22:44:59,085 [http-nio-9090-exec-2] INFO  o.f.teach.security.jwt.AuthTokenFilter             - /api/score/getCourseItemOptionList,admin,2024-12-08 22:44:59,0.007
2024-12-08 22:46:17,549 [http-nio-9090-exec-1] INFO  o.f.teach.security.jwt.AuthTokenFilter             - /api/score/getScoreList,admin,2024-12-08 22:46:17,0.018
2024-12-08 22:46:17,586 [http-nio-9090-exec-4] INFO  o.f.teach.security.jwt.AuthTokenFilter             - /api/score/getStudentItemOptionList,admin,2024-12-08 22:46:17,0.008
2024-12-08 22:46:17,731 [http-nio-9090-exec-9] INFO  o.f.teach.security.jwt.AuthTokenFilter             - /api/score/getCourseItemOptionList,admin,2024-12-08 22:46:17,0.01
2024-12-08 22:47:40,068 [http-nio-9090-exec-3] INFO  o.f.teach.security.jwt.AuthTokenFilter             - /api/score/getScoreList,admin,2024-12-08 22:47:40,0.012
2024-12-08 22:47:40,084 [http-nio-9090-exec-5] INFO  o.f.teach.security.jwt.AuthTokenFilter             - /api/score/getStudentItemOptionList,admin,2024-12-08 22:47:40,0.006
2024-12-08 22:47:40,137 [http-nio-9090-exec-6] INFO  o.f.teach.security.jwt.AuthTokenFilter             - /api/score/getCourseItemOptionList,admin,2024-12-08 22:47:40,0.006
2024-12-08 22:48:36,049 [http-nio-9090-exec-8] INFO  o.f.teach.security.jwt.AuthTokenFilter             - /api/score/getScoreList,admin,2024-12-08 22:48:36,0.016
2024-12-08 22:48:36,086 [http-nio-9090-exec-7] INFO  o.f.teach.security.jwt.AuthTokenFilter             - /api/score/getStudentItemOptionList,admin,2024-12-08 22:48:36,0.013
2024-12-08 22:48:36,139 [http-nio-9090-exec-10] INFO  o.f.teach.security.jwt.AuthTokenFilter             - /api/score/getCourseItemOptionList,admin,2024-12-08 22:48:36,0.008
2024-12-08 22:48:39,279 [http-nio-9090-exec-2] INFO  o.f.teach.security.jwt.AuthTokenFilter             - /api/course/getCourseList,admin,2024-12-08 22:48:39,0.005
2024-12-08 22:48:39,295 [http-nio-9090-exec-1] INFO  o.f.teach.security.jwt.AuthTokenFilter             - /api/teacher/getTeacherList,admin,2024-12-08 22:48:39,0.006
2024-12-08 22:48:47,156 [http-nio-9090-exec-4] INFO  o.f.teach.security.jwt.AuthTokenFilter             - /api/score/getScoreList,admin,2024-12-08 22:48:47,0.01
2024-12-08 22:48:47,414 [http-nio-9090-exec-9] INFO  o.f.teach.security.jwt.AuthTokenFilter             - /api/score/getStudentItemOptionList,admin,2024-12-08 22:48:47,0.005
2024-12-08 22:48:47,585 [http-nio-9090-exec-3] INFO  o.f.teach.security.jwt.AuthTokenFilter             - /api/score/getCourseItemOptionList,admin,2024-12-08 22:48:47,0.006
2024-12-08 23:19:03,033 [http-nio-9090-exec-5] INFO  o.f.teach.security.jwt.AuthTokenFilter             - /api/score/getScoreList,admin,2024-12-08 23:19:03,0.007
2024-12-08 23:19:03,230 [http-nio-9090-exec-6] INFO  o.f.teach.security.jwt.AuthTokenFilter             - /api/score/getStudentItemOptionList,admin,2024-12-08 23:19:03,0.003
2024-12-08 23:19:03,353 [http-nio-9090-exec-8] INFO  o.f.teach.security.jwt.AuthTokenFilter             - /api/score/getCourseItemOptionList,admin,2024-12-08 23:19:03,0.003
2024-12-08 23:19:21,605 [http-nio-9090-exec-7] INFO  o.f.teach.security.jwt.AuthTokenFilter             - /api/score/getScoreList,admin,2024-12-08 23:19:21,0.007
2024-12-08 23:19:21,632 [http-nio-9090-exec-10] INFO  o.f.teach.security.jwt.AuthTokenFilter             - /api/score/getStudentItemOptionList,admin,2024-12-08 23:19:21,0.004
2024-12-08 23:19:21,648 [http-nio-9090-exec-2] INFO  o.f.teach.security.jwt.AuthTokenFilter             - /api/score/getCourseItemOptionList,admin,2024-12-08 23:19:21,0.007
2024-12-08 23:19:35,739 [http-nio-9090-exec-1] INFO  o.f.teach.security.jwt.AuthTokenFilter             - /api/score/getScoreList,admin,2024-12-08 23:19:35,0.006
2024-12-08 23:19:35,773 [http-nio-9090-exec-4] INFO  o.f.teach.security.jwt.AuthTokenFilter             - /api/score/getStudentItemOptionList,admin,2024-12-08 23:19:35,0.004
2024-12-08 23:19:35,809 [http-nio-9090-exec-9] INFO  o.f.teach.security.jwt.AuthTokenFilter             - /api/score/getCourseItemOptionList,admin,2024-12-08 23:19:35,0.004
2024-12-08 23:20:14,845 [http-nio-9090-exec-3] INFO  o.f.teach.security.jwt.AuthTokenFilter             - /api/score/getScoreList,admin,2024-12-08 23:20:14,0.006
2024-12-08 23:20:14,875 [http-nio-9090-exec-5] INFO  o.f.teach.security.jwt.AuthTokenFilter             - /api/score/getStudentItemOptionList,admin,2024-12-08 23:20:14,0.004
2024-12-08 23:20:14,890 [http-nio-9090-exec-6] INFO  o.f.teach.security.jwt.AuthTokenFilter             - /api/score/getCourseItemOptionList,admin,2024-12-08 23:20:14,0.003
2024-12-08 23:21:57,194 [http-nio-9090-exec-8] INFO  o.f.teach.security.jwt.AuthTokenFilter             - /api/score/getScoreList,admin,2024-12-08 23:21:57,0.007
2024-12-08 23:21:57,220 [http-nio-9090-exec-7] INFO  o.f.teach.security.jwt.AuthTokenFilter             - /api/score/getStudentItemOptionList,admin,2024-12-08 23:21:57,0.004
2024-12-08 23:21:57,333 [http-nio-9090-exec-10] INFO  o.f.teach.security.jwt.AuthTokenFilter             - /api/score/getCourseItemOptionList,admin,2024-12-08 23:21:57,0.003
2024-12-08 23:22:47,875 [http-nio-9090-exec-2] INFO  o.f.teach.security.jwt.AuthTokenFilter             - /api/score/getScoreList,admin,2024-12-08 23:22:47,0.01
2024-12-08 23:22:47,928 [http-nio-9090-exec-1] INFO  o.f.teach.security.jwt.AuthTokenFilter             - /api/score/getStudentItemOptionList,admin,2024-12-08 23:22:47,0.008
2024-12-08 23:22:48,038 [http-nio-9090-exec-4] INFO  o.f.teach.security.jwt.AuthTokenFilter             - /api/score/getCourseItemOptionList,admin,2024-12-08 23:22:48,0.005
2024-12-08 23:22:58,352 [http-nio-9090-exec-9] INFO  o.f.teach.security.jwt.AuthTokenFilter             - /api/score/getScoreList,admin,2024-12-08 23:22:58,0.006
2024-12-08 23:22:58,370 [http-nio-9090-exec-3] INFO  o.f.teach.security.jwt.AuthTokenFilter             - /api/score/getStudentItemOptionList,admin,2024-12-08 23:22:58,0.007
2024-12-08 23:22:58,401 [http-nio-9090-exec-5] INFO  o.f.teach.security.jwt.AuthTokenFilter             - /api/score/getCourseItemOptionList,admin,2024-12-08 23:22:58,0.011
2024-12-08 23:24:12,252 [http-nio-9090-exec-6] INFO  o.f.teach.security.jwt.AuthTokenFilter             - /api/score/getScoreList,admin,2024-12-08 23:24:12,0.009
2024-12-08 23:24:12,319 [http-nio-9090-exec-8] INFO  o.f.teach.security.jwt.AuthTokenFilter             - /api/score/getStudentItemOptionList,admin,2024-12-08 23:24:12,0.006
2024-12-08 23:24:12,339 [http-nio-9090-exec-7] INFO  o.f.teach.security.jwt.AuthTokenFilter             - /api/score/getCourseItemOptionList,admin,2024-12-08 23:24:12,0.004
2024-12-08 23:24:35,255 [http-nio-9090-exec-10] INFO  o.f.teach.security.jwt.AuthTokenFilter             - /api/score/getScoreList,admin,2024-12-08 23:24:35,0.029
2024-12-08 23:24:35,276 [http-nio-9090-exec-2] INFO  o.f.teach.security.jwt.AuthTokenFilter             - /api/score/getStudentItemOptionList,admin,2024-12-08 23:24:35,0.008
2024-12-08 23:24:35,321 [http-nio-9090-exec-1] INFO  o.f.teach.security.jwt.AuthTokenFilter             - /api/score/getCourseItemOptionList,admin,2024-12-08 23:24:35,0.005
2024-12-08 23:24:39,386 [http-nio-9090-exec-4] INFO  o.f.teach.security.jwt.AuthTokenFilter             - /api/score/getScoreList,admin,2024-12-08 23:24:39,0.008
2024-12-08 23:24:39,400 [http-nio-9090-exec-9] INFO  o.f.teach.security.jwt.AuthTokenFilter             - /api/score/getStudentItemOptionList,admin,2024-12-08 23:24:39,0.004
2024-12-08 23:24:39,444 [http-nio-9090-exec-3] INFO  o.f.teach.security.jwt.AuthTokenFilter             - /api/score/getCourseItemOptionList,admin,2024-12-08 23:24:39,0.004
2024-12-08 23:24:56,533 [http-nio-9090-exec-5] INFO  o.f.teach.security.jwt.AuthTokenFilter             - /api/score/scoreSave,admin,2024-12-08 23:24:56,0.015
2024-12-08 23:24:56,547 [http-nio-9090-exec-6] INFO  o.f.teach.security.jwt.AuthTokenFilter             - /api/score/getScoreList,admin,2024-12-08 23:24:56,0.004
2024-12-08 23:25:00,908 [http-nio-9090-exec-8] INFO  o.f.teach.security.jwt.AuthTokenFilter             - /api/score/scoreSave,admin,2024-12-08 23:25:00,0.003
2024-12-08 23:25:01,231 [http-nio-9090-exec-7] INFO  o.f.teach.security.jwt.AuthTokenFilter             - /api/score/getScoreList,admin,2024-12-08 23:25:01,0.004
2024-12-08 23:25:45,659 [http-nio-9090-exec-10] INFO  o.f.teach.security.jwt.AuthTokenFilter             - /api/course/getCourseList,admin,2024-12-08 23:25:45,0.004
2024-12-08 23:25:45,887 [http-nio-9090-exec-2] INFO  o.f.teach.security.jwt.AuthTokenFilter             - /api/teacher/getTeacherList,admin,2024-12-08 23:25:45,0.006
2024-12-08 23:25:48,255 [http-nio-9090-exec-1] INFO  o.f.teach.security.jwt.AuthTokenFilter             - /api/score/getScoreList,admin,2024-12-08 23:25:48,0.005
2024-12-08 23:25:48,581 [http-nio-9090-exec-4] INFO  o.f.teach.security.jwt.AuthTokenFilter             - /api/score/getStudentItemOptionList,admin,2024-12-08 23:25:48,0.005
2024-12-08 23:25:48,833 [http-nio-9090-exec-9] INFO  o.f.teach.security.jwt.AuthTokenFilter             - /api/score/getCourseItemOptionList,admin,2024-12-08 23:25:48,0.006
2024-12-08 23:48:26,122 [HikariPool-1 housekeeper] WARN  com.zaxxer.hikari.pool.HikariPool                  - HikariPool-1 - Thread starvation or clock leap detected (housekeeper delta=1m40s514ms276µs500ns).
2024-12-08 23:48:37,135 [http-nio-9090-exec-3] INFO  o.f.teach.security.jwt.AuthTokenFilter             - /api/score/getScoreList,admin,2024-12-08 23:48:37,0.006
2024-12-08 23:48:37,208 [http-nio-9090-exec-5] INFO  o.f.teach.security.jwt.AuthTokenFilter             - /api/score/getStudentItemOptionList,admin,2024-12-08 23:48:37,0.003
2024-12-08 23:48:37,236 [http-nio-9090-exec-6] INFO  o.f.teach.security.jwt.AuthTokenFilter             - /api/score/getCourseItemOptionList,admin,2024-12-08 23:48:37,0.003
