2023-07-10 07:52:18,222 [background-preinit] INFO  o.h.validator.internal.util.Version                - HV000001: Hibernate Validator 6.2.0.Final
2023-07-10 07:52:18,228 [main] INFO  o.f.t.SpringBootSecurityJwtApplication             - Starting SpringBootSecurityJwtApplication using Java 17.0.1 on lxq with PID 4756 (D:\teach\java2\java-server\target\classes started by 14983 in D:\teach\java2\java-server)
2023-07-10 07:52:18,229 [main] INFO  o.f.t.SpringBootSecurityJwtApplication             - No active profile set, falling back to default profiles: default
2023-07-10 07:52:18,792 [main] INFO  o.s.d.r.c.RepositoryConfigurationDelegate          - Multiple Spring Data modules found, entering strict repository configuration mode!
2023-07-10 07:52:18,793 [main] INFO  o.s.d.r.c.RepositoryConfigurationDelegate          - Bootstrapping Spring Data JPA repositories in DEFAULT mode.
2023-07-10 07:52:18,886 [main] INFO  o.s.d.r.c.RepositoryConfigurationDelegate          - Finished Spring Data repository scanning in 88 ms. Found 20 JPA repository interfaces.
2023-07-10 07:52:19,210 [main] INFO  o.s.c.s.PostProcessorRegistrationDelegate$BeanPostProcessorChecker - Bean 'org.springframework.security.access.expression.method.DefaultMethodSecurityExpressionHandler@237f7970' of type [org.springframework.security.access.expression.method.DefaultMethodSecurityExpressionHandler] is not eligible for getting processed by all BeanPostProcessors (for example: not eligible for auto-proxying)
2023-07-10 07:52:19,214 [main] INFO  o.s.c.s.PostProcessorRegistrationDelegate$BeanPostProcessorChecker - Bean 'methodSecurityMetadataSource' of type [org.springframework.security.access.method.DelegatingMethodSecurityMetadataSource] is not eligible for getting processed by all BeanPostProcessors (for example: not eligible for auto-proxying)
2023-07-10 07:52:19,580 [main] INFO  o.s.b.w.embedded.tomcat.TomcatWebServer            - Tomcat initialized with port(s): 9090 (http)
2023-07-10 07:52:19,594 [main] INFO  o.apache.coyote.http11.Http11NioProtocol           - Initializing ProtocolHandler ["http-nio-9090"]
2023-07-10 07:52:19,594 [main] INFO  org.apache.catalina.core.StandardService           - Starting service [Tomcat]
2023-07-10 07:52:19,595 [main] INFO  org.apache.catalina.core.StandardEngine            - Starting Servlet engine: [Apache Tomcat/9.0.46]
2023-07-10 07:52:19,740 [main] INFO  o.a.c.c.C.[Tomcat].[localhost].[/]                 - Initializing Spring embedded WebApplicationContext
2023-07-10 07:52:19,740 [main] INFO  o.s.b.w.s.c.ServletWebServerApplicationContext     - Root WebApplicationContext: initialization completed in 1481 ms
2023-07-10 07:52:19,849 [main] WARN  o.s.b.a.o.j.JpaBaseConfiguration$JpaWebConfiguration - spring.jpa.open-in-view is enabled by default. Therefore, database queries may be performed during view rendering. Explicitly configure spring.jpa.open-in-view to disable this warning
2023-07-10 07:52:19,896 [main] INFO  com.zaxxer.hikari.HikariDataSource                 - HikariPool-1 - Starting...
2023-07-10 07:52:20,163 [main] INFO  com.zaxxer.hikari.HikariDataSource                 - HikariPool-1 - Start completed.
2023-07-10 07:52:20,249 [main] INFO  o.hibernate.jpa.internal.util.LogHelper            - HHH000204: Processing PersistenceUnitInfo [name: default]
2023-07-10 07:52:20,379 [main] INFO  org.hibernate.Version                              - HHH000412: Hibernate ORM core version 5.4.32.Final
2023-07-10 07:52:20,507 [main] INFO  org.hibernate.annotations.common.Version           - HCANN000001: Hibernate Commons Annotations {5.1.2.Final}
2023-07-10 07:52:20,587 [main] INFO  org.hibernate.dialect.Dialect                      - HHH000400: Using dialect: org.fatmansoft.teach.sqlite.SQLDialect
2023-07-10 07:52:21,096 [main] INFO  o.h.e.t.j.p.i.JtaPlatformInitiator                 - HHH000490: Using JtaPlatform implementation: [org.hibernate.engine.transaction.jta.platform.internal.NoJtaPlatform]
2023-07-10 07:52:21,100 [main] INFO  o.s.o.j.LocalContainerEntityManagerFactoryBean     - Initialized JPA EntityManagerFactory for persistence unit 'default'
2023-07-10 07:52:22,667 [main] INFO  o.s.s.web.DefaultSecurityFilterChain               - Will secure any request with [org.springframework.security.web.context.request.async.WebAsyncManagerIntegrationFilter@25d87313, org.springframework.security.web.context.SecurityContextPersistenceFilter@13f17b8f, org.springframework.security.web.header.HeaderWriterFilter@47629063, org.springframework.web.filter.CorsFilter@3c130cb2, org.springframework.security.web.authentication.logout.LogoutFilter@3b62c51e, org.fatmansoft.teach.security.jwt.AuthTokenFilter@5655278d, org.springframework.security.web.savedrequest.RequestCacheAwareFilter@11a29c0, org.springframework.security.web.servletapi.SecurityContextHolderAwareRequestFilter@47800bd7, org.springframework.security.web.authentication.AnonymousAuthenticationFilter@73502d5e, org.springframework.security.web.session.SessionManagementFilter@6e5a77ef, org.springframework.security.web.access.ExceptionTranslationFilter@2a7b4bb6, org.springframework.security.web.access.intercept.FilterSecurityInterceptor@5bbf3869]
2023-07-10 07:52:22,926 [main] INFO  o.apache.coyote.http11.Http11NioProtocol           - Starting ProtocolHandler ["http-nio-9090"]
2023-07-10 07:52:22,972 [main] INFO  o.s.b.w.embedded.tomcat.TomcatWebServer            - Tomcat started on port(s): 9090 (http) with context path ''
2023-07-10 07:52:22,984 [main] INFO  o.f.t.SpringBootSecurityJwtApplication             - Started SpringBootSecurityJwtApplication in 5.052 seconds (JVM running for 5.564)
2023-07-10 07:52:22,988 [main] INFO  o.f.t.SpringBootSecurityJwtApplication             - SystemInitStart
2023-07-10 07:52:23,107 [main] INFO  o.f.t.SpringBootSecurityJwtApplication             - systemInitEnd
2023-07-10 07:52:24,340 [http-nio-9090-exec-1] INFO  o.a.c.c.C.[Tomcat].[localhost].[/]                 - Initializing Spring DispatcherServlet 'dispatcherServlet'
2023-07-10 07:52:24,340 [http-nio-9090-exec-1] INFO  o.s.web.servlet.DispatcherServlet                  - Initializing Servlet 'dispatcherServlet'
2023-07-10 07:52:24,341 [http-nio-9090-exec-1] INFO  o.s.web.servlet.DispatcherServlet                  - Completed initialization in 1 ms
2023-07-10 07:52:24,591 [http-nio-9090-exec-1] INFO  o.f.teach.security.jwt.AuthTokenFilter             - /api/auth/getValidateCode,,2023-07-10 07:52:24,0.233
2023-07-10 07:52:39,665 [http-nio-9090-exec-2] INFO  o.f.teach.security.jwt.AuthTokenFilter             - /api/auth/getValidateCode,,2023-07-10 07:52:39,0.003
2023-07-10 07:53:12,845 [SpringApplicationShutdownHook] INFO  o.s.o.j.LocalContainerEntityManagerFactoryBean     - Closing JPA EntityManagerFactory for persistence unit 'default'
2023-07-10 07:53:12,846 [SpringApplicationShutdownHook] INFO  com.zaxxer.hikari.HikariDataSource                 - HikariPool-1 - Shutdown initiated...
2023-07-10 07:53:12,847 [SpringApplicationShutdownHook] INFO  com.zaxxer.hikari.HikariDataSource                 - HikariPool-1 - Shutdown completed.
2023-07-10 07:54:00,388 [background-preinit] INFO  o.h.validator.internal.util.Version                - HV000001: Hibernate Validator 6.2.0.Final
2023-07-10 07:54:00,396 [main] INFO  o.f.t.SpringBootSecurityJwtApplication             - Starting SpringBootSecurityJwtApplication using Java 17.0.1 on lxq with PID 21112 (D:\teach\java2\java-server\target\classes started by 14983 in D:\teach\java2\java-server)
2023-07-10 07:54:00,397 [main] INFO  o.f.t.SpringBootSecurityJwtApplication             - No active profile set, falling back to default profiles: default
2023-07-10 07:54:00,895 [main] INFO  o.s.d.r.c.RepositoryConfigurationDelegate          - Multiple Spring Data modules found, entering strict repository configuration mode!
2023-07-10 07:54:00,896 [main] INFO  o.s.d.r.c.RepositoryConfigurationDelegate          - Bootstrapping Spring Data JPA repositories in DEFAULT mode.
2023-07-10 07:54:00,973 [main] INFO  o.s.d.r.c.RepositoryConfigurationDelegate          - Finished Spring Data repository scanning in 73 ms. Found 20 JPA repository interfaces.
2023-07-10 07:54:01,268 [main] INFO  o.s.c.s.PostProcessorRegistrationDelegate$BeanPostProcessorChecker - Bean 'org.springframework.security.access.expression.method.DefaultMethodSecurityExpressionHandler@1457fde' of type [org.springframework.security.access.expression.method.DefaultMethodSecurityExpressionHandler] is not eligible for getting processed by all BeanPostProcessors (for example: not eligible for auto-proxying)
2023-07-10 07:54:01,271 [main] INFO  o.s.c.s.PostProcessorRegistrationDelegate$BeanPostProcessorChecker - Bean 'methodSecurityMetadataSource' of type [org.springframework.security.access.method.DelegatingMethodSecurityMetadataSource] is not eligible for getting processed by all BeanPostProcessors (for example: not eligible for auto-proxying)
2023-07-10 07:54:01,642 [main] INFO  o.s.b.w.embedded.tomcat.TomcatWebServer            - Tomcat initialized with port(s): 9090 (http)
2023-07-10 07:54:01,648 [main] INFO  o.apache.coyote.http11.Http11NioProtocol           - Initializing ProtocolHandler ["http-nio-9090"]
2023-07-10 07:54:01,649 [main] INFO  org.apache.catalina.core.StandardService           - Starting service [Tomcat]
2023-07-10 07:54:01,649 [main] INFO  org.apache.catalina.core.StandardEngine            - Starting Servlet engine: [Apache Tomcat/9.0.46]
2023-07-10 07:54:01,722 [main] INFO  o.a.c.c.C.[Tomcat].[localhost].[/]                 - Initializing Spring embedded WebApplicationContext
2023-07-10 07:54:01,723 [main] INFO  o.s.b.w.s.c.ServletWebServerApplicationContext     - Root WebApplicationContext: initialization completed in 1299 ms
2023-07-10 07:54:01,816 [main] WARN  o.s.b.a.o.j.JpaBaseConfiguration$JpaWebConfiguration - spring.jpa.open-in-view is enabled by default. Therefore, database queries may be performed during view rendering. Explicitly configure spring.jpa.open-in-view to disable this warning
2023-07-10 07:54:01,870 [main] INFO  com.zaxxer.hikari.HikariDataSource                 - HikariPool-1 - Starting...
2023-07-10 07:54:02,202 [main] INFO  com.zaxxer.hikari.HikariDataSource                 - HikariPool-1 - Start completed.
2023-07-10 07:54:02,339 [main] INFO  o.hibernate.jpa.internal.util.LogHelper            - HHH000204: Processing PersistenceUnitInfo [name: default]
2023-07-10 07:54:02,445 [main] INFO  org.hibernate.Version                              - HHH000412: Hibernate ORM core version 5.4.32.Final
2023-07-10 07:54:02,548 [main] INFO  org.hibernate.annotations.common.Version           - HCANN000001: Hibernate Commons Annotations {5.1.2.Final}
2023-07-10 07:54:02,614 [main] INFO  org.hibernate.dialect.Dialect                      - HHH000400: Using dialect: org.hibernate.dialect.MySQL8Dialect
2023-07-10 07:54:03,300 [main] INFO  o.h.e.t.j.p.i.JtaPlatformInitiator                 - HHH000490: Using JtaPlatform implementation: [org.hibernate.engine.transaction.jta.platform.internal.NoJtaPlatform]
2023-07-10 07:54:03,303 [main] INFO  o.s.o.j.LocalContainerEntityManagerFactoryBean     - Initialized JPA EntityManagerFactory for persistence unit 'default'
2023-07-10 07:54:04,417 [main] INFO  o.s.s.web.DefaultSecurityFilterChain               - Will secure any request with [org.springframework.security.web.context.request.async.WebAsyncManagerIntegrationFilter@77afdbc5, org.springframework.security.web.context.SecurityContextPersistenceFilter@5f510929, org.springframework.security.web.header.HeaderWriterFilter@6dcdc378, org.springframework.web.filter.CorsFilter@757ad227, org.springframework.security.web.authentication.logout.LogoutFilter@2d91147b, org.fatmansoft.teach.security.jwt.AuthTokenFilter@f9ac719, org.springframework.security.web.savedrequest.RequestCacheAwareFilter@6abca7a6, org.springframework.security.web.servletapi.SecurityContextHolderAwareRequestFilter@47f677a4, org.springframework.security.web.authentication.AnonymousAuthenticationFilter@4b718c45, org.springframework.security.web.session.SessionManagementFilter@3791160a, org.springframework.security.web.access.ExceptionTranslationFilter@280f061e, org.springframework.security.web.access.intercept.FilterSecurityInterceptor@3985175e]
2023-07-10 07:54:04,588 [main] INFO  o.apache.coyote.http11.Http11NioProtocol           - Starting ProtocolHandler ["http-nio-9090"]
2023-07-10 07:54:04,608 [main] INFO  o.s.b.w.embedded.tomcat.TomcatWebServer            - Tomcat started on port(s): 9090 (http) with context path ''
2023-07-10 07:54:04,615 [main] INFO  o.f.t.SpringBootSecurityJwtApplication             - Started SpringBootSecurityJwtApplication in 4.486 seconds (JVM running for 4.739)
2023-07-10 07:54:04,617 [main] INFO  o.f.t.SpringBootSecurityJwtApplication             - SystemInitStart
2023-07-10 07:54:04,702 [main] INFO  o.f.t.SpringBootSecurityJwtApplication             - systemInitEnd
2023-07-10 08:02:53,508 [SpringApplicationShutdownHook] INFO  o.s.o.j.LocalContainerEntityManagerFactoryBean     - Closing JPA EntityManagerFactory for persistence unit 'default'
2023-07-10 08:02:53,509 [SpringApplicationShutdownHook] INFO  com.zaxxer.hikari.HikariDataSource                 - HikariPool-1 - Shutdown initiated...
2023-07-10 08:02:53,510 [SpringApplicationShutdownHook] INFO  com.zaxxer.hikari.HikariDataSource                 - HikariPool-1 - Shutdown completed.
2023-07-10 08:59:31,716 [background-preinit] INFO  o.h.validator.internal.util.Version                - HV000001: Hibernate Validator 6.2.0.Final
2023-07-10 08:59:31,721 [main] INFO  o.f.t.SpringBootSecurityJwtApplication             - Starting SpringBootSecurityJwtApplication using Java 17.0.1 on lxq with PID 23304 (D:\teach\java2\java-server\target\classes started by 14983 in D:\teach\java2\java-server)
2023-07-10 08:59:31,722 [main] INFO  o.f.t.SpringBootSecurityJwtApplication             - No active profile set, falling back to default profiles: default
2023-07-10 08:59:32,210 [main] INFO  o.s.d.r.c.RepositoryConfigurationDelegate          - Multiple Spring Data modules found, entering strict repository configuration mode!
2023-07-10 08:59:32,211 [main] INFO  o.s.d.r.c.RepositoryConfigurationDelegate          - Bootstrapping Spring Data JPA repositories in DEFAULT mode.
2023-07-10 08:59:32,285 [main] INFO  o.s.d.r.c.RepositoryConfigurationDelegate          - Finished Spring Data repository scanning in 69 ms. Found 20 JPA repository interfaces.
2023-07-10 08:59:32,584 [main] INFO  o.s.c.s.PostProcessorRegistrationDelegate$BeanPostProcessorChecker - Bean 'org.springframework.security.access.expression.method.DefaultMethodSecurityExpressionHandler@242b6e1a' of type [org.springframework.security.access.expression.method.DefaultMethodSecurityExpressionHandler] is not eligible for getting processed by all BeanPostProcessors (for example: not eligible for auto-proxying)
2023-07-10 08:59:32,586 [main] INFO  o.s.c.s.PostProcessorRegistrationDelegate$BeanPostProcessorChecker - Bean 'methodSecurityMetadataSource' of type [org.springframework.security.access.method.DelegatingMethodSecurityMetadataSource] is not eligible for getting processed by all BeanPostProcessors (for example: not eligible for auto-proxying)
2023-07-10 08:59:33,084 [main] INFO  o.s.b.w.embedded.tomcat.TomcatWebServer            - Tomcat initialized with port(s): 9090 (http)
2023-07-10 08:59:33,091 [main] INFO  o.apache.coyote.http11.Http11NioProtocol           - Initializing ProtocolHandler ["http-nio-9090"]
2023-07-10 08:59:33,091 [main] INFO  org.apache.catalina.core.StandardService           - Starting service [Tomcat]
2023-07-10 08:59:33,091 [main] INFO  org.apache.catalina.core.StandardEngine            - Starting Servlet engine: [Apache Tomcat/9.0.46]
2023-07-10 08:59:33,164 [main] INFO  o.a.c.c.C.[Tomcat].[localhost].[/]                 - Initializing Spring embedded WebApplicationContext
2023-07-10 08:59:33,164 [main] INFO  o.s.b.w.s.c.ServletWebServerApplicationContext     - Root WebApplicationContext: initialization completed in 1415 ms
2023-07-10 08:59:33,276 [main] WARN  o.s.b.a.o.j.JpaBaseConfiguration$JpaWebConfiguration - spring.jpa.open-in-view is enabled by default. Therefore, database queries may be performed during view rendering. Explicitly configure spring.jpa.open-in-view to disable this warning
2023-07-10 08:59:33,346 [main] INFO  com.zaxxer.hikari.HikariDataSource                 - HikariPool-1 - Starting...
2023-07-10 08:59:34,025 [main] INFO  com.zaxxer.hikari.HikariDataSource                 - HikariPool-1 - Start completed.
2023-07-10 08:59:34,069 [main] INFO  o.hibernate.jpa.internal.util.LogHelper            - HHH000204: Processing PersistenceUnitInfo [name: default]
2023-07-10 08:59:34,118 [main] INFO  org.hibernate.Version                              - HHH000412: Hibernate ORM core version 5.4.32.Final
2023-07-10 08:59:34,199 [main] INFO  org.hibernate.annotations.common.Version           - HCANN000001: Hibernate Commons Annotations {5.1.2.Final}
2023-07-10 08:59:34,273 [main] INFO  org.hibernate.dialect.Dialect                      - HHH000400: Using dialect: org.hibernate.dialect.MySQL57Dialect
2023-07-10 08:59:39,221 [main] INFO  o.h.e.t.j.p.i.JtaPlatformInitiator                 - HHH000490: Using JtaPlatform implementation: [org.hibernate.engine.transaction.jta.platform.internal.NoJtaPlatform]
2023-07-10 08:59:39,226 [main] INFO  o.s.o.j.LocalContainerEntityManagerFactoryBean     - Initialized JPA EntityManagerFactory for persistence unit 'default'
2023-07-10 08:59:40,739 [main] INFO  o.s.s.web.DefaultSecurityFilterChain               - Will secure any request with [org.springframework.security.web.context.request.async.WebAsyncManagerIntegrationFilter@1b949de4, org.springframework.security.web.context.SecurityContextPersistenceFilter@62536882, org.springframework.security.web.header.HeaderWriterFilter@7be3a837, org.springframework.web.filter.CorsFilter@2981064d, org.springframework.security.web.authentication.logout.LogoutFilter@6dd7af2f, org.fatmansoft.teach.security.jwt.AuthTokenFilter@7d432bc0, org.springframework.security.web.savedrequest.RequestCacheAwareFilter@53fb3e1b, org.springframework.security.web.servletapi.SecurityContextHolderAwareRequestFilter@5c141c7b, org.springframework.security.web.authentication.AnonymousAuthenticationFilter@1dc9e4d2, org.springframework.security.web.session.SessionManagementFilter@655b9169, org.springframework.security.web.access.ExceptionTranslationFilter@6915351c, org.springframework.security.web.access.intercept.FilterSecurityInterceptor@56f569e]
2023-07-10 08:59:40,974 [main] INFO  o.apache.coyote.http11.Http11NioProtocol           - Starting ProtocolHandler ["http-nio-9090"]
2023-07-10 08:59:41,043 [main] INFO  o.s.b.w.embedded.tomcat.TomcatWebServer            - Tomcat started on port(s): 9090 (http) with context path ''
2023-07-10 08:59:41,052 [main] INFO  o.f.t.SpringBootSecurityJwtApplication             - Started SpringBootSecurityJwtApplication in 9.59 seconds (JVM running for 9.847)
2023-07-10 08:59:41,055 [main] INFO  o.f.t.SpringBootSecurityJwtApplication             - SystemInitStart
2023-07-10 08:59:41,472 [main] INFO  o.f.t.SpringBootSecurityJwtApplication             - systemInitEnd
2023-07-10 09:00:00,902 [http-nio-9090-exec-1] INFO  o.a.c.c.C.[Tomcat].[localhost].[/]                 - Initializing Spring DispatcherServlet 'dispatcherServlet'
2023-07-10 09:00:00,902 [http-nio-9090-exec-1] INFO  o.s.web.servlet.DispatcherServlet                  - Initializing Servlet 'dispatcherServlet'
2023-07-10 09:00:00,902 [http-nio-9090-exec-1] INFO  o.s.web.servlet.DispatcherServlet                  - Completed initialization in 0 ms
2023-07-10 09:00:01,102 [http-nio-9090-exec-1] INFO  o.f.teach.security.jwt.AuthTokenFilter             - /api/auth/getValidateCode,,2023-07-10 09:00:00,0.186
2023-07-10 09:00:10,885 [http-nio-9090-exec-2] INFO  o.f.teach.security.jwt.AuthTokenFilter             - /api/auth/testValidateInfo,,2023-07-10 09:00:10,0.004
2023-07-10 09:00:11,244 [http-nio-9090-exec-3] ERROR o.f.teach.security.jwt.AuthEntryPointJwt           - Unauthorized error: Bad credentials
2023-07-10 09:00:11,244 [http-nio-9090-exec-3] INFO  o.f.teach.security.jwt.AuthTokenFilter             - /api/auth/login,,2023-07-10 09:00:10,0.35
2023-07-10 09:00:18,852 [http-nio-9090-exec-4] INFO  o.f.teach.security.jwt.AuthTokenFilter             - /api/auth/testValidateInfo,,2023-07-10 09:00:18,0.004
2023-07-10 09:00:19,543 [http-nio-9090-exec-5] ERROR o.f.teach.security.jwt.AuthEntryPointJwt           - Unauthorized error: Bad credentials
2023-07-10 09:00:19,544 [http-nio-9090-exec-5] INFO  o.f.teach.security.jwt.AuthTokenFilter             - /api/auth/login,,2023-07-10 09:00:18,0.683
2023-07-10 09:00:48,378 [SpringApplicationShutdownHook] INFO  o.s.o.j.LocalContainerEntityManagerFactoryBean     - Closing JPA EntityManagerFactory for persistence unit 'default'
2023-07-10 09:00:48,379 [SpringApplicationShutdownHook] INFO  com.zaxxer.hikari.HikariDataSource                 - HikariPool-1 - Shutdown initiated...
2023-07-10 09:00:48,382 [SpringApplicationShutdownHook] INFO  com.zaxxer.hikari.HikariDataSource                 - HikariPool-1 - Shutdown completed.
2023-07-10 09:00:52,612 [background-preinit] INFO  o.h.validator.internal.util.Version                - HV000001: Hibernate Validator 6.2.0.Final
2023-07-10 09:00:52,619 [main] INFO  o.f.t.SpringBootSecurityJwtApplication             - Starting SpringBootSecurityJwtApplication using Java 17.0.1 on lxq with PID 21744 (D:\teach\java2\java-server\target\classes started by 14983 in D:\teach\java2\java-server)
2023-07-10 09:00:52,620 [main] INFO  o.f.t.SpringBootSecurityJwtApplication             - No active profile set, falling back to default profiles: default
2023-07-10 09:00:53,106 [main] INFO  o.s.d.r.c.RepositoryConfigurationDelegate          - Multiple Spring Data modules found, entering strict repository configuration mode!
2023-07-10 09:00:53,106 [main] INFO  o.s.d.r.c.RepositoryConfigurationDelegate          - Bootstrapping Spring Data JPA repositories in DEFAULT mode.
2023-07-10 09:00:53,182 [main] INFO  o.s.d.r.c.RepositoryConfigurationDelegate          - Finished Spring Data repository scanning in 70 ms. Found 20 JPA repository interfaces.
2023-07-10 09:00:53,495 [main] INFO  o.s.c.s.PostProcessorRegistrationDelegate$BeanPostProcessorChecker - Bean 'org.springframework.security.access.expression.method.DefaultMethodSecurityExpressionHandler@44f24a20' of type [org.springframework.security.access.expression.method.DefaultMethodSecurityExpressionHandler] is not eligible for getting processed by all BeanPostProcessors (for example: not eligible for auto-proxying)
2023-07-10 09:00:53,497 [main] INFO  o.s.c.s.PostProcessorRegistrationDelegate$BeanPostProcessorChecker - Bean 'methodSecurityMetadataSource' of type [org.springframework.security.access.method.DelegatingMethodSecurityMetadataSource] is not eligible for getting processed by all BeanPostProcessors (for example: not eligible for auto-proxying)
2023-07-10 09:00:53,802 [main] INFO  o.s.b.w.embedded.tomcat.TomcatWebServer            - Tomcat initialized with port(s): 9090 (http)
2023-07-10 09:00:53,809 [main] INFO  o.apache.coyote.http11.Http11NioProtocol           - Initializing ProtocolHandler ["http-nio-9090"]
2023-07-10 09:00:53,809 [main] INFO  org.apache.catalina.core.StandardService           - Starting service [Tomcat]
2023-07-10 09:00:53,809 [main] INFO  org.apache.catalina.core.StandardEngine            - Starting Servlet engine: [Apache Tomcat/9.0.46]
2023-07-10 09:00:53,882 [main] INFO  o.a.c.c.C.[Tomcat].[localhost].[/]                 - Initializing Spring embedded WebApplicationContext
2023-07-10 09:00:53,882 [main] INFO  o.s.b.w.s.c.ServletWebServerApplicationContext     - Root WebApplicationContext: initialization completed in 1235 ms
2023-07-10 09:00:53,986 [main] WARN  o.s.b.a.o.j.JpaBaseConfiguration$JpaWebConfiguration - spring.jpa.open-in-view is enabled by default. Therefore, database queries may be performed during view rendering. Explicitly configure spring.jpa.open-in-view to disable this warning
2023-07-10 09:00:54,037 [main] INFO  com.zaxxer.hikari.HikariDataSource                 - HikariPool-1 - Starting...
2023-07-10 09:00:54,298 [main] INFO  com.zaxxer.hikari.HikariDataSource                 - HikariPool-1 - Start completed.
2023-07-10 09:00:54,368 [main] INFO  o.hibernate.jpa.internal.util.LogHelper            - HHH000204: Processing PersistenceUnitInfo [name: default]
2023-07-10 09:00:54,454 [main] INFO  org.hibernate.Version                              - HHH000412: Hibernate ORM core version 5.4.32.Final
2023-07-10 09:00:54,591 [main] INFO  org.hibernate.annotations.common.Version           - HCANN000001: Hibernate Commons Annotations {5.1.2.Final}
2023-07-10 09:00:54,654 [main] INFO  org.hibernate.dialect.Dialect                      - HHH000400: Using dialect: org.fatmansoft.teach.sqlite.SQLDialect
2023-07-10 09:00:55,069 [main] INFO  o.h.e.t.j.p.i.JtaPlatformInitiator                 - HHH000490: Using JtaPlatform implementation: [org.hibernate.engine.transaction.jta.platform.internal.NoJtaPlatform]
2023-07-10 09:00:55,073 [main] INFO  o.s.o.j.LocalContainerEntityManagerFactoryBean     - Initialized JPA EntityManagerFactory for persistence unit 'default'
2023-07-10 09:00:56,534 [main] INFO  o.s.s.web.DefaultSecurityFilterChain               - Will secure any request with [org.springframework.security.web.context.request.async.WebAsyncManagerIntegrationFilter@6e0dec27, org.springframework.security.web.context.SecurityContextPersistenceFilter@6e5a77ef, org.springframework.security.web.header.HeaderWriterFilter@1c76b2fe, org.springframework.web.filter.CorsFilter@3857c5d5, org.springframework.security.web.authentication.logout.LogoutFilter@1f207142, org.fatmansoft.teach.security.jwt.AuthTokenFilter@48cbe1c9, org.springframework.security.web.savedrequest.RequestCacheAwareFilter@13f17b8f, org.springframework.security.web.servletapi.SecurityContextHolderAwareRequestFilter@2dbc66f0, org.springframework.security.web.authentication.AnonymousAuthenticationFilter@237824b0, org.springframework.security.web.session.SessionManagementFilter@121c1a08, org.springframework.security.web.access.ExceptionTranslationFilter@5abc488d, org.springframework.security.web.access.intercept.FilterSecurityInterceptor@3c130cb2]
2023-07-10 09:00:56,708 [main] INFO  o.apache.coyote.http11.Http11NioProtocol           - Starting ProtocolHandler ["http-nio-9090"]
2023-07-10 09:00:56,766 [main] INFO  o.s.b.w.embedded.tomcat.TomcatWebServer            - Tomcat started on port(s): 9090 (http) with context path ''
2023-07-10 09:00:56,776 [main] INFO  o.f.t.SpringBootSecurityJwtApplication             - Started SpringBootSecurityJwtApplication in 4.407 seconds (JVM running for 4.65)
2023-07-10 09:00:56,780 [main] INFO  o.f.t.SpringBootSecurityJwtApplication             - SystemInitStart
2023-07-10 09:00:56,865 [main] INFO  o.f.t.SpringBootSecurityJwtApplication             - systemInitEnd
2023-07-10 09:01:07,299 [http-nio-9090-exec-1] INFO  o.a.c.c.C.[Tomcat].[localhost].[/]                 - Initializing Spring DispatcherServlet 'dispatcherServlet'
2023-07-10 09:01:07,299 [http-nio-9090-exec-1] INFO  o.s.web.servlet.DispatcherServlet                  - Initializing Servlet 'dispatcherServlet'
2023-07-10 09:01:07,299 [http-nio-9090-exec-1] INFO  o.s.web.servlet.DispatcherServlet                  - Completed initialization in 0 ms
2023-07-10 09:01:07,510 [http-nio-9090-exec-1] INFO  o.f.teach.security.jwt.AuthTokenFilter             - /api/auth/getValidateCode,,2023-07-10 09:01:07,0.196
2023-07-10 09:01:13,528 [http-nio-9090-exec-2] INFO  o.f.teach.security.jwt.AuthTokenFilter             - /api/auth/testValidateInfo,,2023-07-10 09:01:13,0.002
2023-07-10 09:01:13,656 [http-nio-9090-exec-3] ERROR o.f.teach.security.jwt.AuthEntryPointJwt           - Unauthorized error: Bad credentials
2023-07-10 09:01:13,656 [http-nio-9090-exec-3] INFO  o.f.teach.security.jwt.AuthTokenFilter             - /api/auth/login,,2023-07-10 09:01:13,0.122
2023-07-10 09:01:18,760 [http-nio-9090-exec-4] INFO  o.f.teach.security.jwt.AuthTokenFilter             - /api/auth/testValidateInfo,,2023-07-10 09:01:18,0.002
2023-07-10 09:01:18,813 [http-nio-9090-exec-5] ERROR o.f.teach.security.jwt.AuthEntryPointJwt           - Unauthorized error: Bad credentials
2023-07-10 09:01:18,813 [http-nio-9090-exec-5] INFO  o.f.teach.security.jwt.AuthTokenFilter             - /api/auth/login,,2023-07-10 09:01:18,0.047
2023-07-10 09:01:37,432 [SpringApplicationShutdownHook] INFO  o.s.o.j.LocalContainerEntityManagerFactoryBean     - Closing JPA EntityManagerFactory for persistence unit 'default'
2023-07-10 09:01:37,433 [SpringApplicationShutdownHook] INFO  com.zaxxer.hikari.HikariDataSource                 - HikariPool-1 - Shutdown initiated...
2023-07-10 09:01:37,434 [SpringApplicationShutdownHook] INFO  com.zaxxer.hikari.HikariDataSource                 - HikariPool-1 - Shutdown completed.
2023-07-10 09:01:39,656 [background-preinit] INFO  o.h.validator.internal.util.Version                - HV000001: Hibernate Validator 6.2.0.Final
2023-07-10 09:01:39,660 [main] INFO  o.f.t.SpringBootSecurityJwtApplication             - Starting SpringBootSecurityJwtApplication using Java 17.0.1 on lxq with PID 18100 (D:\teach\java2\java-server\target\classes started by 14983 in D:\teach\java2\java-server)
2023-07-10 09:01:39,660 [main] INFO  o.f.t.SpringBootSecurityJwtApplication             - No active profile set, falling back to default profiles: default
2023-07-10 09:01:40,134 [main] INFO  o.s.d.r.c.RepositoryConfigurationDelegate          - Multiple Spring Data modules found, entering strict repository configuration mode!
2023-07-10 09:01:40,135 [main] INFO  o.s.d.r.c.RepositoryConfigurationDelegate          - Bootstrapping Spring Data JPA repositories in DEFAULT mode.
2023-07-10 09:01:40,200 [main] INFO  o.s.d.r.c.RepositoryConfigurationDelegate          - Finished Spring Data repository scanning in 60 ms. Found 20 JPA repository interfaces.
2023-07-10 09:01:40,500 [main] INFO  o.s.c.s.PostProcessorRegistrationDelegate$BeanPostProcessorChecker - Bean 'org.springframework.security.access.expression.method.DefaultMethodSecurityExpressionHandler@6c0e13b7' of type [org.springframework.security.access.expression.method.DefaultMethodSecurityExpressionHandler] is not eligible for getting processed by all BeanPostProcessors (for example: not eligible for auto-proxying)
2023-07-10 09:01:40,502 [main] INFO  o.s.c.s.PostProcessorRegistrationDelegate$BeanPostProcessorChecker - Bean 'methodSecurityMetadataSource' of type [org.springframework.security.access.method.DelegatingMethodSecurityMetadataSource] is not eligible for getting processed by all BeanPostProcessors (for example: not eligible for auto-proxying)
2023-07-10 09:01:40,786 [main] INFO  o.s.b.w.embedded.tomcat.TomcatWebServer            - Tomcat initialized with port(s): 9090 (http)
2023-07-10 09:01:40,794 [main] INFO  o.apache.coyote.http11.Http11NioProtocol           - Initializing ProtocolHandler ["http-nio-9090"]
2023-07-10 09:01:40,794 [main] INFO  org.apache.catalina.core.StandardService           - Starting service [Tomcat]
2023-07-10 09:01:40,794 [main] INFO  org.apache.catalina.core.StandardEngine            - Starting Servlet engine: [Apache Tomcat/9.0.46]
2023-07-10 09:01:40,868 [main] INFO  o.a.c.c.C.[Tomcat].[localhost].[/]                 - Initializing Spring embedded WebApplicationContext
2023-07-10 09:01:40,868 [main] INFO  o.s.b.w.s.c.ServletWebServerApplicationContext     - Root WebApplicationContext: initialization completed in 1182 ms
2023-07-10 09:01:40,960 [main] WARN  o.s.b.a.o.j.JpaBaseConfiguration$JpaWebConfiguration - spring.jpa.open-in-view is enabled by default. Therefore, database queries may be performed during view rendering. Explicitly configure spring.jpa.open-in-view to disable this warning
2023-07-10 09:01:41,006 [main] INFO  com.zaxxer.hikari.HikariDataSource                 - HikariPool-1 - Starting...
2023-07-10 09:01:41,291 [main] INFO  com.zaxxer.hikari.HikariDataSource                 - HikariPool-1 - Start completed.
2023-07-10 09:01:41,411 [main] INFO  o.hibernate.jpa.internal.util.LogHelper            - HHH000204: Processing PersistenceUnitInfo [name: default]
2023-07-10 09:01:41,549 [main] INFO  org.hibernate.Version                              - HHH000412: Hibernate ORM core version 5.4.32.Final
2023-07-10 09:01:41,650 [main] INFO  org.hibernate.annotations.common.Version           - HCANN000001: Hibernate Commons Annotations {5.1.2.Final}
2023-07-10 09:01:41,720 [main] INFO  org.hibernate.dialect.Dialect                      - HHH000400: Using dialect: org.fatmansoft.teach.sqlite.SQLDialect
2023-07-10 09:01:42,124 [main] INFO  o.h.e.t.j.p.i.JtaPlatformInitiator                 - HHH000490: Using JtaPlatform implementation: [org.hibernate.engine.transaction.jta.platform.internal.NoJtaPlatform]
2023-07-10 09:01:42,127 [main] INFO  o.s.o.j.LocalContainerEntityManagerFactoryBean     - Initialized JPA EntityManagerFactory for persistence unit 'default'
2023-07-10 09:01:43,441 [main] INFO  o.s.s.web.DefaultSecurityFilterChain               - Will secure any request with [org.springframework.security.web.context.request.async.WebAsyncManagerIntegrationFilter@12e13abd, org.springframework.security.web.context.SecurityContextPersistenceFilter@cce672c, org.springframework.security.web.header.HeaderWriterFilter@2dbc66f0, org.springframework.web.filter.CorsFilter@5694f6a0, org.springframework.security.web.authentication.logout.LogoutFilter@638e8194, org.fatmansoft.teach.security.jwt.AuthTokenFilter@4bc9389, org.springframework.security.web.savedrequest.RequestCacheAwareFilter@df34b01, org.springframework.security.web.servletapi.SecurityContextHolderAwareRequestFilter@6b3da23f, org.springframework.security.web.authentication.AnonymousAuthenticationFilter@6e0dec27, org.springframework.security.web.session.SessionManagementFilter@f9979cf, org.springframework.security.web.access.ExceptionTranslationFilter@1fc4b8d6, org.springframework.security.web.access.intercept.FilterSecurityInterceptor@5bbb0a25]
2023-07-10 09:01:43,659 [main] INFO  o.apache.coyote.http11.Http11NioProtocol           - Starting ProtocolHandler ["http-nio-9090"]
2023-07-10 09:01:43,693 [main] INFO  o.s.b.w.embedded.tomcat.TomcatWebServer            - Tomcat started on port(s): 9090 (http) with context path ''
2023-07-10 09:01:43,703 [main] INFO  o.f.t.SpringBootSecurityJwtApplication             - Started SpringBootSecurityJwtApplication in 4.296 seconds (JVM running for 4.531)
2023-07-10 09:01:43,707 [main] INFO  o.f.t.SpringBootSecurityJwtApplication             - SystemInitStart
2023-07-10 09:01:43,783 [main] INFO  o.f.t.SpringBootSecurityJwtApplication             - systemInitEnd
2023-07-10 09:01:57,788 [http-nio-9090-exec-1] INFO  o.a.c.c.C.[Tomcat].[localhost].[/]                 - Initializing Spring DispatcherServlet 'dispatcherServlet'
2023-07-10 09:01:57,788 [http-nio-9090-exec-1] INFO  o.s.web.servlet.DispatcherServlet                  - Initializing Servlet 'dispatcherServlet'
2023-07-10 09:01:57,789 [http-nio-9090-exec-1] INFO  o.s.web.servlet.DispatcherServlet                  - Completed initialization in 1 ms
2023-07-10 09:01:58,001 [http-nio-9090-exec-1] INFO  o.f.teach.security.jwt.AuthTokenFilter             - /api/auth/getValidateCode,,2023-07-10 09:01:57,0.193
2023-07-10 09:02:11,434 [http-nio-9090-exec-2] INFO  o.f.teach.security.jwt.AuthTokenFilter             - /api/auth/testValidateInfo,,2023-07-10 09:02:11,0.004
2023-07-10 09:02:11,596 [http-nio-9090-exec-3] INFO  o.f.teach.security.jwt.AuthTokenFilter             - /api/auth/login,,2023-07-10 09:02:11,0.156
2023-07-10 09:02:11,622 [http-nio-9090-exec-4] INFO  o.f.teach.security.jwt.AuthTokenFilter             - /api/base/getMenuList,admin,2023-07-10 09:02:11,0.021
2023-07-10 09:02:11,640 [http-nio-9090-exec-5] INFO  o.f.teach.security.jwt.AuthTokenFilter             - /api/auth/getValidateCode,admin,2023-07-10 09:02:11,0.006
2023-07-10 09:02:11,997 [http-nio-9090-exec-6] INFO  o.f.teach.security.jwt.AuthTokenFilter             - /api/statistics/getMainPageData,admin,2023-07-10 09:02:11,0.01
2023-07-10 09:02:15,278 [http-nio-9090-exec-7] INFO  o.f.teach.security.jwt.AuthTokenFilter             - /api/course/getCourseList,admin,2023-07-10 09:02:15,0.009
2023-07-10 09:03:32,075 [http-nio-9090-exec-8] INFO  o.f.teach.security.jwt.AuthTokenFilter             - /api/statistics/getMainPageData,admin,2023-07-10 09:03:32,0.007
2023-07-10 09:03:32,893 [http-nio-9090-exec-9] INFO  o.f.teach.security.jwt.AuthTokenFilter             - /api/student/getStudentPageData,admin,2023-07-10 09:03:32,0.012
2023-07-10 09:04:28,694 [http-nio-9090-exec-10] INFO  o.f.teach.security.jwt.AuthTokenFilter             - /api/auth/getValidateCode,,2023-07-10 09:04:28,0.003
2023-07-10 09:04:35,168 [http-nio-9090-exec-1] INFO  o.f.teach.security.jwt.AuthTokenFilter             - /api/auth/testValidateInfo,,2023-07-10 09:04:35,0.001
2023-07-10 09:04:35,554 [http-nio-9090-exec-2] INFO  o.f.teach.security.jwt.AuthTokenFilter             - /api/auth/login,,2023-07-10 09:04:35,0.068
2023-07-10 09:04:35,764 [http-nio-9090-exec-3] INFO  o.f.teach.security.jwt.AuthTokenFilter             - /api/base/getMenuList,admin,2023-07-10 09:04:35,0.011
2023-07-10 09:04:35,885 [http-nio-9090-exec-4] INFO  o.f.teach.security.jwt.AuthTokenFilter             - /api/auth/getValidateCode,admin,2023-07-10 09:04:35,0.008
2023-07-10 09:04:36,194 [http-nio-9090-exec-5] INFO  o.f.teach.security.jwt.AuthTokenFilter             - /api/statistics/getMainPageData,admin,2023-07-10 09:04:36,0.006
2023-07-10 09:04:39,162 [http-nio-9090-exec-6] INFO  o.f.teach.security.jwt.AuthTokenFilter             - /api/student/getStudentPageData,admin,2023-07-10 09:04:39,0.005
2023-07-10 09:04:44,260 [http-nio-9090-exec-7] ERROR o.f.teach.security.jwt.AuthEntryPointJwt           - Unauthorized error: Full authentication is required to access this resource
2023-07-10 09:04:44,260 [http-nio-9090-exec-7] INFO  o.f.teach.security.jwt.AuthTokenFilter             - /api/student/getStudentPageData,,2023-07-10 09:04:44,0.012
2023-07-10 09:10:00,508 [http-nio-9090-exec-8] INFO  o.f.teach.security.jwt.AuthTokenFilter             - /api/auth/getValidateCode,,2023-07-10 09:10:00,0.004
2023-07-10 09:10:06,821 [http-nio-9090-exec-9] INFO  o.f.teach.security.jwt.AuthTokenFilter             - /api/auth/getValidateCode,,2023-07-10 09:10:06,0.003
2023-07-10 09:10:11,614 [http-nio-9090-exec-10] INFO  o.f.teach.security.jwt.AuthTokenFilter             - /api/auth/testValidateInfo,,2023-07-10 09:10:11,0.002
2023-07-10 09:10:11,683 [http-nio-9090-exec-1] INFO  o.f.teach.security.jwt.AuthTokenFilter             - /api/auth/login,,2023-07-10 09:10:11,0.064
2023-07-10 09:10:11,694 [http-nio-9090-exec-2] INFO  o.f.teach.security.jwt.AuthTokenFilter             - /api/base/getMenuList,admin,2023-07-10 09:10:11,0.005
2023-07-10 09:10:11,711 [http-nio-9090-exec-3] INFO  o.f.teach.security.jwt.AuthTokenFilter             - /api/auth/getValidateCode,admin,2023-07-10 09:10:11,0.005
2023-07-10 09:10:11,768 [http-nio-9090-exec-4] INFO  o.f.teach.security.jwt.AuthTokenFilter             - /api/statistics/getMainPageData,admin,2023-07-10 09:10:11,0.004
2023-07-10 09:10:15,279 [http-nio-9090-exec-5] INFO  o.f.teach.security.jwt.AuthTokenFilter             - /api/student/getStudentPageData,admin,2023-07-10 09:10:15,0.004
2023-07-10 09:10:24,760 [http-nio-9090-exec-6] INFO  o.f.teach.security.jwt.AuthTokenFilter             - /api/teacher/getTeacherList,admin,2023-07-10 09:10:24,0.006
2023-07-10 09:10:26,695 [http-nio-9090-exec-7] INFO  o.f.teach.security.jwt.AuthTokenFilter             - /api/teacher/getTeacherInfo,admin,2023-07-10 09:10:26,0.005
2023-07-10 09:13:18,759 [http-nio-9090-exec-8] INFO  o.f.teach.security.jwt.AuthTokenFilter             - /api/auth/getValidateCode,,2023-07-10 09:13:18,0.004
2023-07-10 09:13:26,111 [http-nio-9090-exec-9] INFO  o.f.teach.security.jwt.AuthTokenFilter             - /api/auth/testValidateInfo,,2023-07-10 09:13:26,0.002
2023-07-10 09:13:26,180 [http-nio-9090-exec-10] INFO  o.f.teach.security.jwt.AuthTokenFilter             - /api/auth/login,,2023-07-10 09:13:26,0.062
2023-07-10 09:13:26,192 [http-nio-9090-exec-1] INFO  o.f.teach.security.jwt.AuthTokenFilter             - /api/base/getMenuList,admin,2023-07-10 09:13:26,0.006
2023-07-10 09:13:26,208 [http-nio-9090-exec-2] INFO  o.f.teach.security.jwt.AuthTokenFilter             - /api/auth/getValidateCode,admin,2023-07-10 09:13:26,0.005
2023-07-10 09:13:26,555 [http-nio-9090-exec-3] INFO  o.f.teach.security.jwt.AuthTokenFilter             - /api/statistics/getMainPageData,admin,2023-07-10 09:13:26,0.004
2023-07-10 09:13:30,022 [http-nio-9090-exec-4] INFO  o.f.teach.security.jwt.AuthTokenFilter             - /api/score/getScoreList,admin,2023-07-10 09:13:30,0.004
2023-07-10 09:13:30,031 [http-nio-9090-exec-5] INFO  o.f.teach.security.jwt.AuthTokenFilter             - /api/score/getStudentItemOptionList,admin,2023-07-10 09:13:30,0.005
2023-07-10 09:13:30,041 [http-nio-9090-exec-6] INFO  o.f.teach.security.jwt.AuthTokenFilter             - /api/score/getCourseItemOptionList,admin,2023-07-10 09:13:30,0.004
2023-07-10 09:13:32,568 [http-nio-9090-exec-7] INFO  o.f.teach.security.jwt.AuthTokenFilter             - /api/statistics/getMainPageData,admin,2023-07-10 09:13:32,0.004
2023-07-10 09:13:34,028 [http-nio-9090-exec-8] INFO  o.f.teach.security.jwt.AuthTokenFilter             - /api/teacher/getTeacherList,admin,2023-07-10 09:13:34,0.009
2023-07-10 09:13:35,573 [http-nio-9090-exec-9] INFO  o.f.teach.security.jwt.AuthTokenFilter             - /api/teacher/getTeacherInfo,admin,2023-07-10 09:13:35,0.003
2023-07-10 09:18:38,097 [http-nio-9090-exec-10] INFO  o.f.teach.security.jwt.AuthTokenFilter             - /api/auth/getValidateCode,,2023-07-10 09:18:38,0.003
2023-07-10 09:18:49,342 [http-nio-9090-exec-1] INFO  o.f.teach.security.jwt.AuthTokenFilter             - /api/auth/testValidateInfo,,2023-07-10 09:18:49,0.001
2023-07-10 09:18:49,412 [http-nio-9090-exec-2] INFO  o.f.teach.security.jwt.AuthTokenFilter             - /api/auth/login,,2023-07-10 09:18:49,0.064
2023-07-10 09:18:49,425 [http-nio-9090-exec-3] INFO  o.f.teach.security.jwt.AuthTokenFilter             - /api/base/getMenuList,admin,2023-07-10 09:18:49,0.007
2023-07-10 09:18:49,443 [http-nio-9090-exec-4] INFO  o.f.teach.security.jwt.AuthTokenFilter             - /api/auth/getValidateCode,admin,2023-07-10 09:18:49,0.005
2023-07-10 09:18:49,488 [http-nio-9090-exec-5] INFO  o.f.teach.security.jwt.AuthTokenFilter             - /api/statistics/getMainPageData,admin,2023-07-10 09:18:49,0.004
2023-07-10 09:18:55,119 [http-nio-9090-exec-6] INFO  o.f.teach.security.jwt.AuthTokenFilter             - /api/student/getStudentPageData,admin,2023-07-10 09:18:55,0.003
2023-07-10 09:18:57,631 [http-nio-9090-exec-7] INFO  o.f.teach.security.jwt.AuthTokenFilter             - /api/teacher/getTeacherList,admin,2023-07-10 09:18:57,0.004
2023-07-10 09:18:59,431 [http-nio-9090-exec-8] INFO  o.f.teach.security.jwt.AuthTokenFilter             - /api/teacher/getTeacherInfo,admin,2023-07-10 09:18:59,0.004
2023-07-10 09:20:45,606 [SpringApplicationShutdownHook] INFO  o.s.o.j.LocalContainerEntityManagerFactoryBean     - Closing JPA EntityManagerFactory for persistence unit 'default'
2023-07-10 09:20:45,607 [SpringApplicationShutdownHook] INFO  com.zaxxer.hikari.HikariDataSource                 - HikariPool-1 - Shutdown initiated...
2023-07-10 09:20:45,609 [SpringApplicationShutdownHook] INFO  com.zaxxer.hikari.HikariDataSource                 - HikariPool-1 - Shutdown completed.
2023-07-10 10:01:28,190 [background-preinit] INFO  o.h.validator.internal.util.Version                - HV000001: Hibernate Validator 6.2.0.Final
2023-07-10 10:01:28,196 [main] INFO  o.f.t.SpringBootSecurityJwtApplication             - Starting SpringBootSecurityJwtApplication using Java 17.0.1 on lxq with PID 22708 (D:\teach\java2\java-server\target\classes started by 14983 in D:\teach\java2\java-server)
2023-07-10 10:01:28,196 [main] INFO  o.f.t.SpringBootSecurityJwtApplication             - No active profile set, falling back to default profiles: default
2023-07-10 10:01:28,682 [main] INFO  o.s.d.r.c.RepositoryConfigurationDelegate          - Multiple Spring Data modules found, entering strict repository configuration mode!
2023-07-10 10:01:28,683 [main] INFO  o.s.d.r.c.RepositoryConfigurationDelegate          - Bootstrapping Spring Data JPA repositories in DEFAULT mode.
2023-07-10 10:01:28,763 [main] INFO  o.s.d.r.c.RepositoryConfigurationDelegate          - Finished Spring Data repository scanning in 74 ms. Found 20 JPA repository interfaces.
2023-07-10 10:01:29,045 [main] INFO  o.s.c.s.PostProcessorRegistrationDelegate$BeanPostProcessorChecker - Bean 'org.springframework.security.access.expression.method.DefaultMethodSecurityExpressionHandler@5d2828c9' of type [org.springframework.security.access.expression.method.DefaultMethodSecurityExpressionHandler] is not eligible for getting processed by all BeanPostProcessors (for example: not eligible for auto-proxying)
2023-07-10 10:01:29,046 [main] INFO  o.s.c.s.PostProcessorRegistrationDelegate$BeanPostProcessorChecker - Bean 'methodSecurityMetadataSource' of type [org.springframework.security.access.method.DelegatingMethodSecurityMetadataSource] is not eligible for getting processed by all BeanPostProcessors (for example: not eligible for auto-proxying)
2023-07-10 10:01:29,352 [main] INFO  o.s.b.w.embedded.tomcat.TomcatWebServer            - Tomcat initialized with port(s): 9090 (http)
2023-07-10 10:01:29,361 [main] INFO  o.apache.coyote.http11.Http11NioProtocol           - Initializing ProtocolHandler ["http-nio-9090"]
2023-07-10 10:01:29,361 [main] INFO  org.apache.catalina.core.StandardService           - Starting service [Tomcat]
2023-07-10 10:01:29,361 [main] INFO  org.apache.catalina.core.StandardEngine            - Starting Servlet engine: [Apache Tomcat/9.0.46]
2023-07-10 10:01:29,450 [main] INFO  o.a.c.c.C.[Tomcat].[localhost].[/]                 - Initializing Spring embedded WebApplicationContext
2023-07-10 10:01:29,450 [main] INFO  o.s.b.w.s.c.ServletWebServerApplicationContext     - Root WebApplicationContext: initialization completed in 1226 ms
2023-07-10 10:01:29,536 [main] WARN  o.s.b.a.o.j.JpaBaseConfiguration$JpaWebConfiguration - spring.jpa.open-in-view is enabled by default. Therefore, database queries may be performed during view rendering. Explicitly configure spring.jpa.open-in-view to disable this warning
2023-07-10 10:01:29,592 [main] INFO  com.zaxxer.hikari.HikariDataSource                 - HikariPool-1 - Starting...
2023-07-10 10:01:29,839 [main] INFO  com.zaxxer.hikari.HikariDataSource                 - HikariPool-1 - Start completed.
2023-07-10 10:01:29,924 [main] INFO  o.hibernate.jpa.internal.util.LogHelper            - HHH000204: Processing PersistenceUnitInfo [name: default]
2023-07-10 10:01:30,046 [main] INFO  org.hibernate.Version                              - HHH000412: Hibernate ORM core version 5.4.32.Final
2023-07-10 10:01:30,167 [main] INFO  org.hibernate.annotations.common.Version           - HCANN000001: Hibernate Commons Annotations {5.1.2.Final}
2023-07-10 10:01:30,225 [main] INFO  org.hibernate.dialect.Dialect                      - HHH000400: Using dialect: org.fatmansoft.teach.sqlite.SQLDialect
2023-07-10 10:01:30,626 [main] INFO  o.h.e.t.j.p.i.JtaPlatformInitiator                 - HHH000490: Using JtaPlatform implementation: [org.hibernate.engine.transaction.jta.platform.internal.NoJtaPlatform]
2023-07-10 10:01:30,630 [main] INFO  o.s.o.j.LocalContainerEntityManagerFactoryBean     - Initialized JPA EntityManagerFactory for persistence unit 'default'
2023-07-10 10:01:32,017 [main] INFO  o.s.s.web.DefaultSecurityFilterChain               - Will secure any request with [org.springframework.security.web.context.request.async.WebAsyncManagerIntegrationFilter@59301546, org.springframework.security.web.context.SecurityContextPersistenceFilter@6e5a77ef, org.springframework.security.web.header.HeaderWriterFilter@1c76b2fe, org.springframework.web.filter.CorsFilter@25fc2b8f, org.springframework.security.web.authentication.logout.LogoutFilter@1f207142, org.fatmansoft.teach.security.jwt.AuthTokenFilter@2cd877d3, org.springframework.security.web.savedrequest.RequestCacheAwareFilter@13f17b8f, org.springframework.security.web.servletapi.SecurityContextHolderAwareRequestFilter@2dbc66f0, org.springframework.security.web.authentication.AnonymousAuthenticationFilter@363d29dd, org.springframework.security.web.session.SessionManagementFilter@121c1a08, org.springframework.security.web.access.ExceptionTranslationFilter@498f1f63, org.springframework.security.web.access.intercept.FilterSecurityInterceptor@5de6c7d7]
2023-07-10 10:01:32,225 [main] INFO  o.apache.coyote.http11.Http11NioProtocol           - Starting ProtocolHandler ["http-nio-9090"]
2023-07-10 10:01:32,273 [main] INFO  o.s.b.w.embedded.tomcat.TomcatWebServer            - Tomcat started on port(s): 9090 (http) with context path ''
2023-07-10 10:01:32,283 [main] INFO  o.f.t.SpringBootSecurityJwtApplication             - Started SpringBootSecurityJwtApplication in 4.329 seconds (JVM running for 4.588)
2023-07-10 10:01:32,286 [main] INFO  o.f.t.SpringBootSecurityJwtApplication             - SystemInitStart
2023-07-10 10:01:32,374 [main] INFO  o.f.t.SpringBootSecurityJwtApplication             - systemInitEnd
2023-07-10 10:03:56,084 [http-nio-9090-exec-1] INFO  o.a.c.c.C.[Tomcat].[localhost].[/]                 - Initializing Spring DispatcherServlet 'dispatcherServlet'
2023-07-10 10:03:56,084 [http-nio-9090-exec-1] INFO  o.s.web.servlet.DispatcherServlet                  - Initializing Servlet 'dispatcherServlet'
2023-07-10 10:03:56,085 [http-nio-9090-exec-1] INFO  o.s.web.servlet.DispatcherServlet                  - Completed initialization in 1 ms
2023-07-10 10:03:56,297 [http-nio-9090-exec-1] INFO  o.f.teach.security.jwt.AuthTokenFilter             - /api/auth/getValidateCode,,2023-07-10 10:03:56,0.197
2023-07-10 10:04:09,495 [http-nio-9090-exec-2] INFO  o.f.teach.security.jwt.AuthTokenFilter             - /api/auth/testValidateInfo,,2023-07-10 10:04:09,0.003
2023-07-10 10:04:09,732 [http-nio-9090-exec-3] INFO  o.f.teach.security.jwt.AuthTokenFilter             - /api/auth/login,,2023-07-10 10:04:09,0.231
2023-07-10 10:04:09,755 [http-nio-9090-exec-4] INFO  o.f.teach.security.jwt.AuthTokenFilter             - /api/base/getMenuList,admin,2023-07-10 10:04:09,0.017
2023-07-10 10:04:09,777 [http-nio-9090-exec-5] INFO  o.f.teach.security.jwt.AuthTokenFilter             - /api/auth/getValidateCode,admin,2023-07-10 10:04:09,0.007
2023-07-10 10:04:10,173 [http-nio-9090-exec-6] INFO  o.f.teach.security.jwt.AuthTokenFilter             - /api/statistics/getMainPageData,admin,2023-07-10 10:04:10,0.01
2023-07-10 10:04:18,196 [http-nio-9090-exec-7] INFO  o.f.teach.security.jwt.AuthTokenFilter             - /api/statistics/getMainPageData,admin,2023-07-10 10:04:18,0.004
2023-07-10 10:04:20,093 [http-nio-9090-exec-8] INFO  o.f.teach.security.jwt.AuthTokenFilter             - /api/base/getRoleOptionItemList,admin,2023-07-10 10:04:20,0.007
2023-07-10 10:04:20,306 [http-nio-9090-exec-9] INFO  o.f.teach.security.jwt.AuthTokenFilter             - /api/base/getMenuTreeNodeList,admin,2023-07-10 10:04:20,0.009
2023-07-10 10:04:25,429 [http-nio-9090-exec-10] INFO  o.f.teach.security.jwt.AuthTokenFilter             - /api/base/getDictionaryTreeNodeList,admin,2023-07-10 10:04:25,0.004
2023-07-10 10:04:33,219 [http-nio-9090-exec-1] INFO  o.f.teach.security.jwt.AuthTokenFilter             - /api/statistics/getMainPageData,admin,2023-07-10 10:04:33,0.005
2023-07-10 10:04:35,348 [http-nio-9090-exec-2] INFO  o.f.teach.security.jwt.AuthTokenFilter             - /api/student/getStudentPageData,admin,2023-07-10 10:04:35,0.011
2023-07-10 10:04:38,988 [http-nio-9090-exec-3] INFO  o.f.teach.security.jwt.AuthTokenFilter             - /api/base/getDictionaryOptionItemList,admin,2023-07-10 10:04:38,0.013
2023-07-10 10:04:39,304 [http-nio-9090-exec-4] INFO  o.f.teach.security.jwt.AuthTokenFilter             - /api/student/getStudentInfo,admin,2023-07-10 10:04:39,0.006
2023-07-10 10:05:02,119 [http-nio-9090-exec-5] INFO  o.f.teach.security.jwt.AuthTokenFilter             - /api/teacher/getTeacherList,admin,2023-07-10 10:05:02,0.005
2023-07-10 10:05:04,500 [http-nio-9090-exec-6] INFO  o.f.teach.security.jwt.AuthTokenFilter             - /api/teacher/getTeacherInfo,admin,2023-07-10 10:05:04,0.005
2023-07-10 10:05:12,931 [http-nio-9090-exec-7] INFO  o.f.teach.security.jwt.AuthTokenFilter             - /api/student/getStudentPageData,admin,2023-07-10 10:05:12,0.003
2023-07-10 10:08:48,332 [http-nio-9090-exec-8] INFO  o.f.teach.security.jwt.AuthTokenFilter             - /api/base/getDictionaryOptionItemList,admin,2023-07-10 10:08:48,0.004
2023-07-10 10:08:48,657 [http-nio-9090-exec-9] INFO  o.f.teach.security.jwt.AuthTokenFilter             - /api/student/getStudentInfo,admin,2023-07-10 10:08:48,0.005
2023-07-10 10:08:50,237 [http-nio-9090-exec-10] INFO  o.f.teach.security.jwt.AuthTokenFilter             - /api/student/getStudentPageData,admin,2023-07-10 10:08:50,0.003
2023-07-10 10:08:51,839 [http-nio-9090-exec-1] INFO  o.f.teach.security.jwt.AuthTokenFilter             - /api/student/getFamilyMemberList,admin,2023-07-10 10:08:51,0.007
2023-07-10 10:08:56,424 [http-nio-9090-exec-2] INFO  o.f.teach.security.jwt.AuthTokenFilter             - /api/student/getStudentPageData,admin,2023-07-10 10:08:56,0.004
2023-07-10 10:10:12,952 [http-nio-9090-exec-3] INFO  o.f.teach.security.jwt.AuthTokenFilter             - /api/auth/getValidateCode,,2023-07-10 10:10:12,0.003
2023-07-10 10:10:20,982 [http-nio-9090-exec-4] INFO  o.f.teach.security.jwt.AuthTokenFilter             - /api/auth/testValidateInfo,,2023-07-10 10:10:20,0.001
2023-07-10 10:10:21,053 [http-nio-9090-exec-5] INFO  o.f.teach.security.jwt.AuthTokenFilter             - /api/auth/login,,2023-07-10 10:10:20,0.065
2023-07-10 10:10:21,064 [http-nio-9090-exec-6] INFO  o.f.teach.security.jwt.AuthTokenFilter             - /api/base/getMenuList,admin,2023-07-10 10:10:21,0.005
2023-07-10 10:10:21,081 [http-nio-9090-exec-7] INFO  o.f.teach.security.jwt.AuthTokenFilter             - /api/auth/getValidateCode,admin,2023-07-10 10:10:21,0.005
2023-07-10 10:10:21,424 [http-nio-9090-exec-8] INFO  o.f.teach.security.jwt.AuthTokenFilter             - /api/statistics/getMainPageData,admin,2023-07-10 10:10:21,0.005
2023-07-10 10:10:28,826 [http-nio-9090-exec-9] INFO  o.f.teach.security.jwt.AuthTokenFilter             - /api/student/getStudentPageData,admin,2023-07-10 10:10:28,0.004
2023-07-10 10:12:50,996 [http-nio-9090-exec-10] INFO  o.f.teach.security.jwt.AuthTokenFilter             - /api/auth/getValidateCode,,2023-07-10 10:12:50,0.003
2023-07-10 10:13:16,661 [http-nio-9090-exec-1] INFO  o.f.teach.security.jwt.AuthTokenFilter             - /api/auth/getValidateCode,,2023-07-10 10:13:16,0.003
2023-07-10 10:13:22,662 [http-nio-9090-exec-2] INFO  o.f.teach.security.jwt.AuthTokenFilter             - /api/auth/testValidateInfo,,2023-07-10 10:13:22,0.001
2023-07-10 10:13:23,040 [http-nio-9090-exec-3] INFO  o.f.teach.security.jwt.AuthTokenFilter             - /api/auth/login,,2023-07-10 10:13:22,0.057
2023-07-10 10:13:23,246 [http-nio-9090-exec-4] INFO  o.f.teach.security.jwt.AuthTokenFilter             - /api/base/getMenuList,admin,2023-07-10 10:13:23,0.009
2023-07-10 10:13:23,368 [http-nio-9090-exec-5] INFO  o.f.teach.security.jwt.AuthTokenFilter             - /api/auth/getValidateCode,admin,2023-07-10 10:13:23,0.007
2023-07-10 10:13:23,640 [http-nio-9090-exec-6] INFO  o.f.teach.security.jwt.AuthTokenFilter             - /api/statistics/getMainPageData,admin,2023-07-10 10:13:23,0.004
2023-07-10 10:13:27,955 [http-nio-9090-exec-7] INFO  o.f.teach.security.jwt.AuthTokenFilter             - /api/teacher/getTeacherList,admin,2023-07-10 10:13:27,0.004
2023-07-10 10:13:29,888 [http-nio-9090-exec-8] INFO  o.f.teach.security.jwt.AuthTokenFilter             - /api/teacher/getTeacherInfo,admin,2023-07-10 10:13:29,0.004
2023-07-10 10:14:03,544 [http-nio-9090-exec-9] INFO  o.f.teach.security.jwt.AuthTokenFilter             - /api/auth/getValidateCode,,2023-07-10 10:14:03,0.004
2023-07-10 10:14:58,415 [SpringApplicationShutdownHook] INFO  o.s.o.j.LocalContainerEntityManagerFactoryBean     - Closing JPA EntityManagerFactory for persistence unit 'default'
2023-07-10 10:14:58,416 [SpringApplicationShutdownHook] INFO  com.zaxxer.hikari.HikariDataSource                 - HikariPool-1 - Shutdown initiated...
2023-07-10 10:14:58,417 [SpringApplicationShutdownHook] INFO  com.zaxxer.hikari.HikariDataSource                 - HikariPool-1 - Shutdown completed.
2023-07-10 10:18:03,886 [background-preinit] INFO  o.h.validator.internal.util.Version                - HV000001: Hibernate Validator 6.2.0.Final
2023-07-10 10:18:03,892 [main] INFO  o.f.t.SpringBootSecurityJwtApplication             - Starting SpringBootSecurityJwtApplication using Java 17.0.1 on lxq with PID 16524 (D:\teach\java2\java-server\target\classes started by 14983 in D:\teach\java2\java-server)
2023-07-10 10:18:03,893 [main] INFO  o.f.t.SpringBootSecurityJwtApplication             - No active profile set, falling back to default profiles: default
2023-07-10 10:18:04,365 [main] INFO  o.s.d.r.c.RepositoryConfigurationDelegate          - Multiple Spring Data modules found, entering strict repository configuration mode!
2023-07-10 10:18:04,366 [main] INFO  o.s.d.r.c.RepositoryConfigurationDelegate          - Bootstrapping Spring Data JPA repositories in DEFAULT mode.
2023-07-10 10:18:04,444 [main] INFO  o.s.d.r.c.RepositoryConfigurationDelegate          - Finished Spring Data repository scanning in 73 ms. Found 20 JPA repository interfaces.
2023-07-10 10:18:04,756 [main] INFO  o.s.c.s.PostProcessorRegistrationDelegate$BeanPostProcessorChecker - Bean 'org.springframework.security.access.expression.method.DefaultMethodSecurityExpressionHandler@2f4c2cd4' of type [org.springframework.security.access.expression.method.DefaultMethodSecurityExpressionHandler] is not eligible for getting processed by all BeanPostProcessors (for example: not eligible for auto-proxying)
2023-07-10 10:18:04,759 [main] INFO  o.s.c.s.PostProcessorRegistrationDelegate$BeanPostProcessorChecker - Bean 'methodSecurityMetadataSource' of type [org.springframework.security.access.method.DelegatingMethodSecurityMetadataSource] is not eligible for getting processed by all BeanPostProcessors (for example: not eligible for auto-proxying)
2023-07-10 10:18:05,117 [main] INFO  o.s.b.w.embedded.tomcat.TomcatWebServer            - Tomcat initialized with port(s): 9090 (http)
2023-07-10 10:18:05,123 [main] INFO  o.apache.coyote.http11.Http11NioProtocol           - Initializing ProtocolHandler ["http-nio-9090"]
2023-07-10 10:18:05,123 [main] INFO  org.apache.catalina.core.StandardService           - Starting service [Tomcat]
2023-07-10 10:18:05,123 [main] INFO  org.apache.catalina.core.StandardEngine            - Starting Servlet engine: [Apache Tomcat/9.0.46]
2023-07-10 10:18:05,197 [main] INFO  o.a.c.c.C.[Tomcat].[localhost].[/]                 - Initializing Spring embedded WebApplicationContext
2023-07-10 10:18:05,197 [main] INFO  o.s.b.w.s.c.ServletWebServerApplicationContext     - Root WebApplicationContext: initialization completed in 1278 ms
2023-07-10 10:18:05,280 [main] WARN  o.s.b.a.o.j.JpaBaseConfiguration$JpaWebConfiguration - spring.jpa.open-in-view is enabled by default. Therefore, database queries may be performed during view rendering. Explicitly configure spring.jpa.open-in-view to disable this warning
2023-07-10 10:18:05,322 [main] INFO  com.zaxxer.hikari.HikariDataSource                 - HikariPool-1 - Starting...
2023-07-10 10:18:05,543 [main] INFO  com.zaxxer.hikari.HikariDataSource                 - HikariPool-1 - Start completed.
2023-07-10 10:18:05,658 [main] INFO  o.hibernate.jpa.internal.util.LogHelper            - HHH000204: Processing PersistenceUnitInfo [name: default]
2023-07-10 10:18:05,775 [main] INFO  org.hibernate.Version                              - HHH000412: Hibernate ORM core version 5.4.32.Final
2023-07-10 10:18:05,863 [main] INFO  org.hibernate.annotations.common.Version           - HCANN000001: Hibernate Commons Annotations {5.1.2.Final}
2023-07-10 10:18:05,926 [main] INFO  org.hibernate.dialect.Dialect                      - HHH000400: Using dialect: org.fatmansoft.teach.sqlite.SQLDialect
2023-07-10 10:18:06,329 [main] INFO  o.h.e.t.j.p.i.JtaPlatformInitiator                 - HHH000490: Using JtaPlatform implementation: [org.hibernate.engine.transaction.jta.platform.internal.NoJtaPlatform]
2023-07-10 10:18:06,332 [main] INFO  o.s.o.j.LocalContainerEntityManagerFactoryBean     - Initialized JPA EntityManagerFactory for persistence unit 'default'
2023-07-10 10:18:07,874 [main] INFO  o.s.s.web.DefaultSecurityFilterChain               - Will secure any request with [org.springframework.security.web.context.request.async.WebAsyncManagerIntegrationFilter@2b69ff13, org.springframework.security.web.context.SecurityContextPersistenceFilter@2a7b4bb6, org.springframework.security.web.header.HeaderWriterFilter@73483d4b, org.springframework.web.filter.CorsFilter@7136ad9a, org.springframework.security.web.authentication.logout.LogoutFilter@4c57ca10, org.fatmansoft.teach.security.jwt.AuthTokenFilter@46610fc9, org.springframework.security.web.savedrequest.RequestCacheAwareFilter@5466a819, org.springframework.security.web.servletapi.SecurityContextHolderAwareRequestFilter@30d944d8, org.springframework.security.web.authentication.AnonymousAuthenticationFilter@4fb42efa, org.springframework.security.web.session.SessionManagementFilter@498f1f63, org.springframework.security.web.access.ExceptionTranslationFilter@6bc08a77, org.springframework.security.web.access.intercept.FilterSecurityInterceptor@7af2ee23]
2023-07-10 10:18:08,085 [main] INFO  o.apache.coyote.http11.Http11NioProtocol           - Starting ProtocolHandler ["http-nio-9090"]
2023-07-10 10:18:08,127 [main] INFO  o.s.b.w.embedded.tomcat.TomcatWebServer            - Tomcat started on port(s): 9090 (http) with context path ''
2023-07-10 10:18:08,137 [main] INFO  o.f.t.SpringBootSecurityJwtApplication             - Started SpringBootSecurityJwtApplication in 4.522 seconds (JVM running for 4.985)
2023-07-10 10:18:08,140 [main] INFO  o.f.t.SpringBootSecurityJwtApplication             - SystemInitStart
2023-07-10 10:18:08,241 [main] INFO  o.f.t.SpringBootSecurityJwtApplication             - systemInitEnd
2023-07-10 10:18:26,744 [http-nio-9090-exec-1] INFO  o.a.c.c.C.[Tomcat].[localhost].[/]                 - Initializing Spring DispatcherServlet 'dispatcherServlet'
2023-07-10 10:18:26,744 [http-nio-9090-exec-1] INFO  o.s.web.servlet.DispatcherServlet                  - Initializing Servlet 'dispatcherServlet'
2023-07-10 10:18:26,745 [http-nio-9090-exec-1] INFO  o.s.web.servlet.DispatcherServlet                  - Completed initialization in 1 ms
2023-07-10 10:18:26,980 [http-nio-9090-exec-1] INFO  o.f.teach.security.jwt.AuthTokenFilter             - /api/auth/getValidateCode,,2023-07-10 10:18:26,0.221
2023-07-10 10:18:32,053 [http-nio-9090-exec-2] INFO  o.f.teach.security.jwt.AuthTokenFilter             - /api/auth/testValidateInfo,,2023-07-10 10:18:32,0.007
2023-07-10 10:18:32,545 [http-nio-9090-exec-3] INFO  o.f.teach.security.jwt.AuthTokenFilter             - /api/auth/login,,2023-07-10 10:18:32,0.171
2023-07-10 10:18:32,660 [http-nio-9090-exec-4] INFO  o.f.teach.security.jwt.AuthTokenFilter             - /api/base/getMenuList,admin,2023-07-10 10:18:32,0.022
2023-07-10 10:18:32,869 [http-nio-9090-exec-5] INFO  o.f.teach.security.jwt.AuthTokenFilter             - /api/auth/getValidateCode,admin,2023-07-10 10:18:32,0.009
2023-07-10 10:18:33,055 [http-nio-9090-exec-6] INFO  o.f.teach.security.jwt.AuthTokenFilter             - /api/statistics/getMainPageData,admin,2023-07-10 10:18:33,0.01
2023-07-10 10:18:35,691 [http-nio-9090-exec-8] INFO  o.f.teach.security.jwt.AuthTokenFilter             - /api/course/getCourseList,admin,2023-07-10 10:18:35,0.009
2023-07-10 10:19:18,158 [http-nio-9090-exec-7] INFO  o.f.teach.security.jwt.AuthTokenFilter             - /api/auth/getValidateCode,,2023-07-10 10:19:18,0.004
2023-07-10 10:19:23,443 [http-nio-9090-exec-9] INFO  o.f.teach.security.jwt.AuthTokenFilter             - /api/auth/testValidateInfo,,2023-07-10 10:19:23,0.001
2023-07-10 10:19:23,502 [http-nio-9090-exec-10] INFO  o.f.teach.security.jwt.AuthTokenFilter             - /api/auth/login,,2023-07-10 10:19:23,0.055
2023-07-10 10:19:23,514 [http-nio-9090-exec-1] INFO  o.f.teach.security.jwt.AuthTokenFilter             - /api/base/getMenuList,admin,2023-07-10 10:19:23,0.007
2023-07-10 10:19:23,531 [http-nio-9090-exec-2] INFO  o.f.teach.security.jwt.AuthTokenFilter             - /api/auth/getValidateCode,admin,2023-07-10 10:19:23,0.005
2023-07-10 10:19:23,880 [http-nio-9090-exec-3] INFO  o.f.teach.security.jwt.AuthTokenFilter             - /api/statistics/getMainPageData,admin,2023-07-10 10:19:23,0.006
2023-07-10 10:19:27,144 [http-nio-9090-exec-4] INFO  o.f.teach.security.jwt.AuthTokenFilter             - /api/course/getCourseList,admin,2023-07-10 10:19:27,0.003
2023-07-10 10:20:00,063 [http-nio-9090-exec-5] INFO  o.f.teach.security.jwt.AuthTokenFilter             - /api/auth/getValidateCode,,2023-07-10 10:20:00,0.002
2023-07-10 10:20:05,517 [http-nio-9090-exec-6] INFO  o.f.teach.security.jwt.AuthTokenFilter             - /api/auth/testValidateInfo,,2023-07-10 10:20:05,0.002
2023-07-10 10:20:05,580 [http-nio-9090-exec-8] INFO  o.f.teach.security.jwt.AuthTokenFilter             - /api/auth/login,,2023-07-10 10:20:05,0.057
2023-07-10 10:20:05,590 [http-nio-9090-exec-7] INFO  o.f.teach.security.jwt.AuthTokenFilter             - /api/base/getMenuList,admin,2023-07-10 10:20:05,0.006
2023-07-10 10:20:05,610 [http-nio-9090-exec-9] INFO  o.f.teach.security.jwt.AuthTokenFilter             - /api/auth/getValidateCode,admin,2023-07-10 10:20:05,0.007
2023-07-10 10:20:05,645 [http-nio-9090-exec-10] INFO  o.f.teach.security.jwt.AuthTokenFilter             - /api/statistics/getMainPageData,admin,2023-07-10 10:20:05,0.004
2023-07-10 10:20:11,465 [http-nio-9090-exec-1] INFO  o.f.teach.security.jwt.AuthTokenFilter             - /api/course/getCourseList,admin,2023-07-10 10:20:11,0.004
2023-07-10 10:20:16,189 [http-nio-9090-exec-2] INFO  o.f.teach.security.jwt.AuthTokenFilter             - /api/score/getScoreList,admin,2023-07-10 10:20:16,0.006
2023-07-10 10:20:16,501 [http-nio-9090-exec-3] INFO  o.f.teach.security.jwt.AuthTokenFilter             - /api/score/getStudentItemOptionList,admin,2023-07-10 10:20:16,0.005
2023-07-10 10:20:16,767 [http-nio-9090-exec-4] INFO  o.f.teach.security.jwt.AuthTokenFilter             - /api/score/getCourseItemOptionList,admin,2023-07-10 10:20:16,0.005
2023-07-10 10:20:29,881 [SpringApplicationShutdownHook] INFO  o.s.o.j.LocalContainerEntityManagerFactoryBean     - Closing JPA EntityManagerFactory for persistence unit 'default'
2023-07-10 10:20:29,881 [SpringApplicationShutdownHook] INFO  com.zaxxer.hikari.HikariDataSource                 - HikariPool-1 - Shutdown initiated...
2023-07-10 10:20:29,883 [SpringApplicationShutdownHook] INFO  com.zaxxer.hikari.HikariDataSource                 - HikariPool-1 - Shutdown completed.
