2024-12-03 22:37:45,677 [background-preinit] INFO  o.h.validator.internal.util.Version                - HV000001: Hibernate Validator 6.2.0.Final
2024-12-03 22:37:45,693 [main] INFO  o.f.t.SpringBootSecurityJwtApplication             - Starting SpringBootSecurityJwtApplication using Java 17.0.8 on LAPTOP-93H8MNO6 with PID 52704 (C:\Users\28425\Downloads\teach-web-master\teach-web\java-server\target\classes started by 28425 in C:\Users\28425\Downloads\teach-web-master\teach-web\java-server)
2024-12-03 22:37:45,694 [main] INFO  o.f.t.SpringBootSecurityJwtApplication             - No active profile set, falling back to default profiles: default
2024-12-03 22:37:46,767 [main] INFO  o.s.d.r.c.RepositoryConfigurationDelegate          - Multiple Spring Data modules found, entering strict repository configuration mode!
2024-12-03 22:37:46,769 [main] INFO  o.s.d.r.c.RepositoryConfigurationDelegate          - Bootstrapping Spring Data JPA repositories in DEFAULT mode.
2024-12-03 22:37:46,973 [main] INFO  o.s.d.r.c.RepositoryConfigurationDelegate          - Finished Spring Data repository scanning in 192 ms. Found 20 JPA repository interfaces.
2024-12-03 22:37:47,286 [main] INFO  o.s.c.s.PostProcessorRegistrationDelegate$BeanPostProcessorChecker - Bean 'org.springframework.security.access.expression.method.DefaultMethodSecurityExpressionHandler@5854a18' of type [org.springframework.security.access.expression.method.DefaultMethodSecurityExpressionHandler] is not eligible for getting processed by all BeanPostProcessors (for example: not eligible for auto-proxying)
2024-12-03 22:37:47,290 [main] INFO  o.s.c.s.PostProcessorRegistrationDelegate$BeanPostProcessorChecker - Bean 'methodSecurityMetadataSource' of type [org.springframework.security.access.method.DelegatingMethodSecurityMetadataSource] is not eligible for getting processed by all BeanPostProcessors (for example: not eligible for auto-proxying)
2024-12-03 22:37:47,559 [main] INFO  o.s.b.w.embedded.tomcat.TomcatWebServer            - Tomcat initialized with port(s): 9090 (http)
2024-12-03 22:37:47,571 [main] INFO  o.apache.coyote.http11.Http11NioProtocol           - Initializing ProtocolHandler ["http-nio-9090"]
2024-12-03 22:37:47,571 [main] INFO  org.apache.catalina.core.StandardService           - Starting service [Tomcat]
2024-12-03 22:37:47,571 [main] INFO  org.apache.catalina.core.StandardEngine            - Starting Servlet engine: [Apache Tomcat/9.0.46]
2024-12-03 22:37:47,735 [main] INFO  o.a.c.c.C.[Tomcat].[localhost].[/]                 - Initializing Spring embedded WebApplicationContext
2024-12-03 22:37:47,735 [main] INFO  o.s.b.w.s.c.ServletWebServerApplicationContext     - Root WebApplicationContext: initialization completed in 1981 ms
2024-12-03 22:37:47,871 [main] WARN  o.s.b.a.o.j.JpaBaseConfiguration$JpaWebConfiguration - spring.jpa.open-in-view is enabled by default. Therefore, database queries may be performed during view rendering. Explicitly configure spring.jpa.open-in-view to disable this warning
2024-12-03 22:37:47,931 [main] INFO  com.zaxxer.hikari.HikariDataSource                 - HikariPool-1 - Starting...
2024-12-03 22:37:48,064 [main] INFO  com.zaxxer.hikari.HikariDataSource                 - HikariPool-1 - Start completed.
2024-12-03 22:37:48,220 [main] INFO  o.hibernate.jpa.internal.util.LogHelper            - HHH000204: Processing PersistenceUnitInfo [name: default]
2024-12-03 22:37:48,294 [main] INFO  org.hibernate.Version                              - HHH000412: Hibernate ORM core version 5.4.32.Final
2024-12-03 22:37:48,471 [main] INFO  org.hibernate.annotations.common.Version           - HCANN000001: Hibernate Commons Annotations {5.1.2.Final}
2024-12-03 22:37:48,609 [main] INFO  org.hibernate.dialect.Dialect                      - HHH000400: Using dialect: org.fatmansoft.teach.sqlite.SQLDialect
2024-12-03 22:37:49,450 [main] INFO  o.h.e.t.j.p.i.JtaPlatformInitiator                 - HHH000490: Using JtaPlatform implementation: [org.hibernate.engine.transaction.jta.platform.internal.NoJtaPlatform]
2024-12-03 22:37:49,463 [main] INFO  o.s.o.j.LocalContainerEntityManagerFactoryBean     - Initialized JPA EntityManagerFactory for persistence unit 'default'
2024-12-03 22:37:51,012 [main] INFO  o.s.b.a.w.s.WelcomePageHandlerMapping              - Adding welcome page: class path resource [public/index.html]
2024-12-03 22:37:51,101 [main] INFO  o.s.s.web.DefaultSecurityFilterChain               - Will secure any request with [org.springframework.security.web.context.request.async.WebAsyncManagerIntegrationFilter@684eb4a0, org.springframework.security.web.context.SecurityContextPersistenceFilter@ef59aee, org.springframework.security.web.header.HeaderWriterFilter@45ecdd32, org.springframework.web.filter.CorsFilter@19a4cdea, org.springframework.security.web.authentication.logout.LogoutFilter@154208f2, org.fatmansoft.teach.security.jwt.AuthTokenFilter@245dbd09, org.springframework.security.web.savedrequest.RequestCacheAwareFilter@45a4587d, org.springframework.security.web.servletapi.SecurityContextHolderAwareRequestFilter@1fd77205, org.springframework.security.web.authentication.AnonymousAuthenticationFilter@434a2a10, org.springframework.security.web.session.SessionManagementFilter@92775a3, org.springframework.security.web.access.ExceptionTranslationFilter@2e60d4f4, org.springframework.security.web.access.intercept.FilterSecurityInterceptor@62ff3028]
2024-12-03 22:37:51,350 [main] INFO  o.apache.coyote.http11.Http11NioProtocol           - Starting ProtocolHandler ["http-nio-9090"]
2024-12-03 22:37:51,399 [main] INFO  o.s.b.w.embedded.tomcat.TomcatWebServer            - Tomcat started on port(s): 9090 (http) with context path ''
2024-12-03 22:37:51,409 [main] INFO  o.f.t.SpringBootSecurityJwtApplication             - Started SpringBootSecurityJwtApplication in 6.351 seconds (JVM running for 7.673)
2024-12-03 22:37:51,411 [main] INFO  o.f.t.SpringBootSecurityJwtApplication             - SystemInitStart
2024-12-03 22:37:51,504 [main] INFO  o.f.t.SpringBootSecurityJwtApplication             - systemInitEnd
2024-12-03 22:41:10,080 [http-nio-9090-exec-1] INFO  o.a.c.c.C.[Tomcat].[localhost].[/]                 - Initializing Spring DispatcherServlet 'dispatcherServlet'
2024-12-03 22:41:10,081 [http-nio-9090-exec-1] INFO  o.s.web.servlet.DispatcherServlet                  - Initializing Servlet 'dispatcherServlet'
2024-12-03 22:41:10,084 [http-nio-9090-exec-1] INFO  o.s.web.servlet.DispatcherServlet                  - Completed initialization in 2 ms
2024-12-03 22:41:11,515 [http-nio-9090-exec-1] INFO  o.f.teach.security.jwt.AuthTokenFilter             - /api/auth/getValidateCode,,2024-12-03 22:41:10,1.359
2024-12-03 22:41:16,370 [http-nio-9090-exec-2] INFO  o.f.teach.security.jwt.AuthTokenFilter             - /api/auth/getValidateCode,2022030001,2024-12-03 22:41:16,0.171
2024-12-03 22:41:19,409 [http-nio-9090-exec-4] INFO  o.f.teach.security.jwt.AuthTokenFilter             - /api/auth/testValidateInfo,2022030001,2024-12-03 22:41:19,0.011
2024-12-03 22:41:19,831 [http-nio-9090-exec-3] INFO  o.f.teach.security.jwt.AuthTokenFilter             - /api/auth/login,,2024-12-03 22:41:19,0.41
2024-12-03 22:41:19,907 [http-nio-9090-exec-5] INFO  o.f.teach.security.jwt.AuthTokenFilter             - /api/base/getMenuList,admin,2024-12-03 22:41:19,0.06
2024-12-03 22:41:20,094 [http-nio-9090-exec-6] INFO  o.f.teach.security.jwt.AuthTokenFilter             - /api/statistics/getMainPageData,admin,2024-12-03 22:41:20,0.036
2024-12-03 22:41:22,592 [http-nio-9090-exec-7] INFO  o.f.teach.security.jwt.AuthTokenFilter             - /api/student/getStudentPageData,admin,2024-12-03 22:41:22,0.028
2024-12-03 22:41:24,635 [http-nio-9090-exec-8] INFO  o.f.teach.security.jwt.AuthTokenFilter             - /api/teacher/getTeacherList,admin,2024-12-03 22:41:24,0.016
2024-12-03 22:41:25,519 [http-nio-9090-exec-9] INFO  o.f.teach.security.jwt.AuthTokenFilter             - /api/statistics/getMainPageData,admin,2024-12-03 22:41:25,0.017
2024-12-03 22:41:26,336 [http-nio-9090-exec-10] INFO  o.f.teach.security.jwt.AuthTokenFilter             - /api/course/getCourseList,admin,2024-12-03 22:41:26,0.022
2024-12-03 22:41:26,516 [http-nio-9090-exec-1] INFO  o.f.teach.security.jwt.AuthTokenFilter             - /api/teacher/getTeacherList,admin,2024-12-03 22:41:26,0.01
2024-12-03 22:41:27,801 [http-nio-9090-exec-2] INFO  o.f.teach.security.jwt.AuthTokenFilter             - /api/score/getScoreList,admin,2024-12-03 22:41:27,0.021
2024-12-03 22:41:28,140 [http-nio-9090-exec-4] INFO  o.f.teach.security.jwt.AuthTokenFilter             - /api/score/getStudentItemOptionList,admin,2024-12-03 22:41:28,0.014
2024-12-03 22:41:28,389 [http-nio-9090-exec-3] INFO  o.f.teach.security.jwt.AuthTokenFilter             - /api/score/getCourseItemOptionList,admin,2024-12-03 22:41:28,0.013
2024-12-03 22:41:28,501 [http-nio-9090-exec-5] INFO  o.f.teach.security.jwt.AuthTokenFilter             - /api/course/getCourseList,admin,2024-12-03 22:41:28,0.013
2024-12-03 22:41:28,837 [http-nio-9090-exec-6] INFO  o.f.teach.security.jwt.AuthTokenFilter             - /api/teacher/getTeacherList,admin,2024-12-03 22:41:28,0.012
2024-12-03 22:41:31,638 [http-nio-9090-exec-7] INFO  o.f.teach.security.jwt.AuthTokenFilter             - /api/auth/testUserToken,admin,2024-12-03 22:41:31,0.015
2024-12-03 22:41:33,579 [http-nio-9090-exec-8] ERROR o.f.teach.security.jwt.AuthEntryPointJwt           - Unauthorized error: Full authentication is required to access this resource
2024-12-03 22:41:33,580 [http-nio-9090-exec-8] INFO  o.f.teach.security.jwt.AuthTokenFilter             - /api/course/getCourseList,,2024-12-03 22:41:33,0.002
2024-12-03 22:41:33,603 [http-nio-9090-exec-9] INFO  o.f.teach.security.jwt.AuthTokenFilter             - /api/auth/getValidateCode,,2024-12-03 22:41:33,0.009
2024-12-03 22:41:34,407 [http-nio-9090-exec-10] INFO  o.f.teach.security.jwt.AuthTokenFilter             - /api/auth/testValidateInfo,,2024-12-03 22:41:34,0.003
2024-12-03 22:41:34,860 [http-nio-9090-exec-1] INFO  o.f.teach.security.jwt.AuthTokenFilter             - /api/auth/login,,2024-12-03 22:41:34,0.132
2024-12-03 22:41:34,992 [http-nio-9090-exec-2] INFO  o.f.teach.security.jwt.AuthTokenFilter             - /api/auth/getValidateCode,admin,2024-12-03 22:41:34,0.013
2024-12-03 22:41:35,212 [http-nio-9090-exec-4] INFO  o.f.teach.security.jwt.AuthTokenFilter             - /api/base/getMenuList,admin,2024-12-03 22:41:35,0.028
2024-12-03 22:41:35,331 [http-nio-9090-exec-3] INFO  o.f.teach.security.jwt.AuthTokenFilter             - /api/statistics/getMainPageData,admin,2024-12-03 22:41:35,0.013
2024-12-03 22:41:36,830 [http-nio-9090-exec-5] INFO  o.f.teach.security.jwt.AuthTokenFilter             - /api/auth/testUserToken,admin,2024-12-03 22:41:36,0.009
2024-12-03 22:41:38,469 [http-nio-9090-exec-6] INFO  o.f.teach.security.jwt.AuthTokenFilter             - /api/base/getMenuList,200799013517,2024-12-03 22:41:38,0.015
2024-12-03 22:41:39,631 [http-nio-9090-exec-7] INFO  o.f.teach.security.jwt.AuthTokenFilter             - /api/statistics/getMainPageData,200799013517,2024-12-03 22:41:39,0.016
2024-12-03 22:41:40,168 [http-nio-9090-exec-8] INFO  o.f.teach.security.jwt.AuthTokenFilter             - /api/course/getTeacherCourse,200799013517,2024-12-03 22:41:40,0.017
2024-12-03 22:42:43,264 [http-nio-9090-exec-9] INFO  o.f.teach.security.jwt.AuthTokenFilter             - /api/course/getTeacherCourse,200799013517,2024-12-03 22:42:43,0.01
2024-12-03 22:44:47,431 [http-nio-9090-exec-10] INFO  o.f.teach.security.jwt.AuthTokenFilter             - /api/course/getTeacherCourse,200799013517,2024-12-03 22:44:47,0.009
2024-12-03 22:46:52,422 [http-nio-9090-exec-1] INFO  o.f.teach.security.jwt.AuthTokenFilter             - /api/base/getMenuList,2022030001,2024-12-03 22:46:52,0.018
2024-12-03 22:46:53,042 [http-nio-9090-exec-2] INFO  o.f.teach.security.jwt.AuthTokenFilter             - /api/course/getTeacherCourse,2022030001,2024-12-03 22:46:53,0.012
2024-12-03 22:46:54,197 [http-nio-9090-exec-4] INFO  o.f.teach.security.jwt.AuthTokenFilter             - /api/statistics/getMainPageData,2022030001,2024-12-03 22:46:54,0.013
2024-12-03 22:46:54,674 [http-nio-9090-exec-3] INFO  o.f.teach.security.jwt.AuthTokenFilter             - /api/course/getCourseList,2022030001,2024-12-03 22:46:54,0.01
2024-12-03 22:46:54,705 [http-nio-9090-exec-5] INFO  o.f.teach.security.jwt.AuthTokenFilter             - /api/teacher/getTeacherList,2022030001,2024-12-03 22:46:54,0.019
2024-12-03 22:46:55,070 [http-nio-9090-exec-6] INFO  o.f.teach.security.jwt.AuthTokenFilter             - /api/course/getStudentCourseList,2022030001,2024-12-03 22:46:55,0.036
2024-12-03 22:46:56,009 [http-nio-9090-exec-7] INFO  o.f.teach.security.jwt.AuthTokenFilter             - /api/course/getCourseList,2022030001,2024-12-03 22:46:56,0.009
2024-12-03 22:46:56,333 [http-nio-9090-exec-8] INFO  o.f.teach.security.jwt.AuthTokenFilter             - /api/teacher/getTeacherList,2022030001,2024-12-03 22:46:56,0.006
2024-12-03 22:46:56,606 [http-nio-9090-exec-9] INFO  o.f.teach.security.jwt.AuthTokenFilter             - /api/course/getStudentCourseList,2022030001,2024-12-03 22:46:56,0.017
2024-12-03 22:46:59,961 [http-nio-9090-exec-10] INFO  o.f.teach.security.jwt.AuthTokenFilter             - /api/statistics/getMainPageData,2022030001,2024-12-03 22:46:59,0.008
2024-12-03 22:47:01,454 [http-nio-9090-exec-1] INFO  o.f.teach.security.jwt.AuthTokenFilter             - /api/course/getCourseList,2022030001,2024-12-03 22:47:01,0.008
2024-12-03 22:47:01,717 [http-nio-9090-exec-2] INFO  o.f.teach.security.jwt.AuthTokenFilter             - /api/teacher/getTeacherList,2022030001,2024-12-03 22:47:01,0.007
2024-12-03 22:47:04,679 [http-nio-9090-exec-4] INFO  o.f.teach.security.jwt.AuthTokenFilter             - /api/course/getStudentCourseList,2022030001,2024-12-03 22:47:04,0.014
2024-12-03 22:47:44,931 [http-nio-9090-exec-3] INFO  o.f.teach.security.jwt.AuthTokenFilter             - /api/base/getMenuList,2022030001,2024-12-03 22:47:44,0.01
2024-12-03 22:47:45,517 [http-nio-9090-exec-5] INFO  o.f.teach.security.jwt.AuthTokenFilter             - /api/course/getStudentCourseList,2022030001,2024-12-03 22:47:45,0.014
2024-12-03 22:47:47,163 [http-nio-9090-exec-6] INFO  o.f.teach.security.jwt.AuthTokenFilter             - /api/statistics/getMainPageData,2022030001,2024-12-03 22:47:47,0.008
2024-12-03 22:47:47,554 [http-nio-9090-exec-7] INFO  o.f.teach.security.jwt.AuthTokenFilter             - /api/course/getCourseList,2022030001,2024-12-03 22:47:47,0.009
2024-12-03 22:47:47,568 [http-nio-9090-exec-8] INFO  o.f.teach.security.jwt.AuthTokenFilter             - /api/teacher/getTeacherList,2022030001,2024-12-03 22:47:47,0.006
2024-12-03 22:47:47,998 [http-nio-9090-exec-9] INFO  o.f.teach.security.jwt.AuthTokenFilter             - /api/course/getStudentCourseList,2022030001,2024-12-03 22:47:47,0.017
2024-12-03 22:47:48,879 [http-nio-9090-exec-10] INFO  o.f.teach.security.jwt.AuthTokenFilter             - /api/course/getCourseList,2022030001,2024-12-03 22:47:48,0.012
2024-12-03 22:47:49,196 [http-nio-9090-exec-1] INFO  o.f.teach.security.jwt.AuthTokenFilter             - /api/teacher/getTeacherList,2022030001,2024-12-03 22:47:49,0.006
2024-12-03 22:47:50,471 [http-nio-9090-exec-2] INFO  o.f.teach.security.jwt.AuthTokenFilter             - /api/base/getMenuList,200799013517,2024-12-03 22:47:50,0.013
2024-12-03 22:47:51,228 [http-nio-9090-exec-4] INFO  o.f.teach.security.jwt.AuthTokenFilter             - /api/course/getCourseList,200799013517,2024-12-03 22:47:51,0.007
2024-12-03 22:47:51,259 [http-nio-9090-exec-3] INFO  o.f.teach.security.jwt.AuthTokenFilter             - /api/teacher/getTeacherList,200799013517,2024-12-03 22:47:51,0.007
2024-12-03 22:47:51,390 [http-nio-9090-exec-5] INFO  o.f.teach.security.jwt.AuthTokenFilter             - /api/statistics/getMainPageData,200799013517,2024-12-03 22:47:51,0.012
2024-12-03 22:47:51,817 [http-nio-9090-exec-6] INFO  o.f.teach.security.jwt.AuthTokenFilter             - /api/course/getTeacherCourse,200799013517,2024-12-03 22:47:51,0.013
2024-12-03 22:47:54,520 [http-nio-9090-exec-7] INFO  o.f.teach.security.jwt.AuthTokenFilter             - /api/base/getMenuList,2022030001,2024-12-03 22:47:54,0.014
2024-12-03 22:47:54,760 [http-nio-9090-exec-8] INFO  o.f.teach.security.jwt.AuthTokenFilter             - /api/course/getTeacherCourse,2022030001,2024-12-03 22:47:54,0.008
2024-12-03 22:47:55,645 [http-nio-9090-exec-9] INFO  o.f.teach.security.jwt.AuthTokenFilter             - /api/base/getMenuList,admin,2024-12-03 22:47:55,0.018
2024-12-03 22:47:56,052 [http-nio-9090-exec-10] INFO  o.f.teach.security.jwt.AuthTokenFilter             - /api/course/getTeacherCourse,admin,2024-12-03 22:47:56,0.008
2024-12-03 22:47:56,968 [http-nio-9090-exec-1] INFO  o.f.teach.security.jwt.AuthTokenFilter             - /api/statistics/getMainPageData,admin,2024-12-03 22:47:56,0.011
2024-12-03 22:47:57,793 [http-nio-9090-exec-2] INFO  o.f.teach.security.jwt.AuthTokenFilter             - /api/course/getCourseList,admin,2024-12-03 22:47:57,0.009
2024-12-03 22:47:57,811 [http-nio-9090-exec-4] INFO  o.f.teach.security.jwt.AuthTokenFilter             - /api/teacher/getTeacherList,admin,2024-12-03 22:47:57,0.007
2024-12-03 22:47:58,325 [http-nio-9090-exec-3] INFO  o.f.teach.security.jwt.AuthTokenFilter             - /api/score/getScoreList,admin,2024-12-03 22:47:58,0.014
2024-12-03 22:47:58,642 [http-nio-9090-exec-5] INFO  o.f.teach.security.jwt.AuthTokenFilter             - /api/score/getStudentItemOptionList,admin,2024-12-03 22:47:58,0.006
2024-12-03 22:47:58,908 [http-nio-9090-exec-6] INFO  o.f.teach.security.jwt.AuthTokenFilter             - /api/score/getCourseItemOptionList,admin,2024-12-03 22:47:58,0.007
2024-12-03 22:48:03,419 [http-nio-9090-exec-7] INFO  o.f.teach.security.jwt.AuthTokenFilter             - /api/base/getMenuList,2022030001,2024-12-03 22:48:03,0.01
2024-12-03 22:48:04,031 [http-nio-9090-exec-8] INFO  o.f.teach.security.jwt.AuthTokenFilter             - /api/score/getScoreList,2022030001,2024-12-03 22:48:04,0.012
2024-12-03 22:48:04,089 [http-nio-9090-exec-9] INFO  o.f.teach.security.jwt.AuthTokenFilter             - /api/score/getStudentItemOptionList,2022030001,2024-12-03 22:48:04,0.007
2024-12-03 22:48:04,115 [http-nio-9090-exec-10] INFO  o.f.teach.security.jwt.AuthTokenFilter             - /api/score/getCourseItemOptionList,2022030001,2024-12-03 22:48:04,0.008
2024-12-03 22:48:04,417 [http-nio-9090-exec-1] INFO  o.f.teach.security.jwt.AuthTokenFilter             - /api/statistics/getMainPageData,2022030001,2024-12-03 22:48:04,0.01
2024-12-03 22:48:04,856 [http-nio-9090-exec-2] INFO  o.f.teach.security.jwt.AuthTokenFilter             - /api/course/getCourseList,2022030001,2024-12-03 22:48:04,0.009
2024-12-03 22:48:04,870 [http-nio-9090-exec-4] INFO  o.f.teach.security.jwt.AuthTokenFilter             - /api/teacher/getTeacherList,2022030001,2024-12-03 22:48:04,0.006
2024-12-03 22:48:05,878 [http-nio-9090-exec-3] INFO  o.f.teach.security.jwt.AuthTokenFilter             - /api/course/getStudentCourseList,2022030001,2024-12-03 22:48:05,0.012
2024-12-03 22:50:03,270 [http-nio-9090-exec-5] INFO  o.f.teach.security.jwt.AuthTokenFilter             - /api/base/getMenuList,200799013517,2024-12-03 22:50:03,0.007
2024-12-03 22:50:04,381 [http-nio-9090-exec-6] ERROR o.a.c.c.C.[.[.[/].[dispatcherServlet]              - Servlet.service() for servlet [dispatcherServlet] in context with path [] threw exception [Request processing failed; nested exception is java.util.NoSuchElementException: No value present] with root cause
java.util.NoSuchElementException: No value present
	at java.base/java.util.Optional.get(Optional.java:143)
	at org.fatmansoft.teach.controllers.CourseController.getStudentCourseList(CourseController.java:170)
	at org.fatmansoft.teach.controllers.CourseController$$FastClassBySpringCGLIB$$b38759c0.invoke(<generated>)
	at org.springframework.cglib.proxy.MethodProxy.invoke(MethodProxy.java:218)
	at org.springframework.aop.framework.CglibAopProxy$DynamicAdvisedInterceptor.intercept(CglibAopProxy.java:688)
	at org.fatmansoft.teach.controllers.CourseController$$EnhancerBySpringCGLIB$$65946b6d.getStudentCourseList(<generated>)
	at java.base/jdk.internal.reflect.NativeMethodAccessorImpl.invoke0(Native Method)
	at java.base/jdk.internal.reflect.NativeMethodAccessorImpl.invoke(NativeMethodAccessorImpl.java:77)
	at java.base/jdk.internal.reflect.DelegatingMethodAccessorImpl.invoke(DelegatingMethodAccessorImpl.java:43)
	at java.base/java.lang.reflect.Method.invoke(Method.java:568)
	at org.springframework.web.method.support.InvocableHandlerMethod.doInvoke(InvocableHandlerMethod.java:197)
	at org.springframework.web.method.support.InvocableHandlerMethod.invokeForRequest(InvocableHandlerMethod.java:141)
	at org.springframework.web.servlet.mvc.method.annotation.ServletInvocableHandlerMethod.invokeAndHandle(ServletInvocableHandlerMethod.java:106)
	at org.springframework.web.servlet.mvc.method.annotation.RequestMappingHandlerAdapter.invokeHandlerMethod(RequestMappingHandlerAdapter.java:894)
	at org.springframework.web.servlet.mvc.method.annotation.RequestMappingHandlerAdapter.handleInternal(RequestMappingHandlerAdapter.java:808)
	at org.springframework.web.servlet.mvc.method.AbstractHandlerMethodAdapter.handle(AbstractHandlerMethodAdapter.java:87)
	at org.springframework.web.servlet.DispatcherServlet.doDispatch(DispatcherServlet.java:1063)
	at org.springframework.web.servlet.DispatcherServlet.doService(DispatcherServlet.java:963)
	at org.springframework.web.servlet.FrameworkServlet.processRequest(FrameworkServlet.java:1006)
	at org.springframework.web.servlet.FrameworkServlet.doPost(FrameworkServlet.java:909)
	at javax.servlet.http.HttpServlet.service(HttpServlet.java:652)
	at org.springframework.web.servlet.FrameworkServlet.service(FrameworkServlet.java:883)
	at javax.servlet.http.HttpServlet.service(HttpServlet.java:733)
	at org.apache.catalina.core.ApplicationFilterChain.internalDoFilter(ApplicationFilterChain.java:227)
	at org.apache.catalina.core.ApplicationFilterChain.doFilter(ApplicationFilterChain.java:162)
	at org.apache.tomcat.websocket.server.WsFilter.doFilter(WsFilter.java:53)
	at org.apache.catalina.core.ApplicationFilterChain.internalDoFilter(ApplicationFilterChain.java:189)
	at org.apache.catalina.core.ApplicationFilterChain.doFilter(ApplicationFilterChain.java:162)
	at org.springframework.web.filter.OncePerRequestFilter.doFilter(OncePerRequestFilter.java:113)
	at org.apache.catalina.core.ApplicationFilterChain.internalDoFilter(ApplicationFilterChain.java:189)
	at org.apache.catalina.core.ApplicationFilterChain.doFilter(ApplicationFilterChain.java:162)
	at org.springframework.security.web.FilterChainProxy$VirtualFilterChain.doFilter(FilterChainProxy.java:327)
	at org.springframework.security.web.access.intercept.FilterSecurityInterceptor.invoke(FilterSecurityInterceptor.java:115)
	at org.springframework.security.web.access.intercept.FilterSecurityInterceptor.doFilter(FilterSecurityInterceptor.java:81)
	at org.springframework.security.web.FilterChainProxy$VirtualFilterChain.doFilter(FilterChainProxy.java:336)
	at org.springframework.security.web.access.ExceptionTranslationFilter.doFilter(ExceptionTranslationFilter.java:121)
	at org.springframework.security.web.access.ExceptionTranslationFilter.doFilter(ExceptionTranslationFilter.java:115)
	at org.springframework.security.web.FilterChainProxy$VirtualFilterChain.doFilter(FilterChainProxy.java:336)
	at org.springframework.security.web.session.SessionManagementFilter.doFilter(SessionManagementFilter.java:126)
	at org.springframework.security.web.session.SessionManagementFilter.doFilter(SessionManagementFilter.java:81)
	at org.springframework.security.web.FilterChainProxy$VirtualFilterChain.doFilter(FilterChainProxy.java:336)
	at org.springframework.security.web.authentication.AnonymousAuthenticationFilter.doFilter(AnonymousAuthenticationFilter.java:105)
	at org.springframework.security.web.FilterChainProxy$VirtualFilterChain.doFilter(FilterChainProxy.java:336)
	at org.springframework.security.web.servletapi.SecurityContextHolderAwareRequestFilter.doFilter(SecurityContextHolderAwareRequestFilter.java:149)
	at org.springframework.security.web.FilterChainProxy$VirtualFilterChain.doFilter(FilterChainProxy.java:336)
	at org.springframework.security.web.savedrequest.RequestCacheAwareFilter.doFilter(RequestCacheAwareFilter.java:63)
	at org.springframework.security.web.FilterChainProxy$VirtualFilterChain.doFilter(FilterChainProxy.java:336)
	at org.fatmansoft.teach.security.jwt.AuthTokenFilter.doFilterInternal(AuthTokenFilter.java:54)
	at org.springframework.web.filter.OncePerRequestFilter.doFilter(OncePerRequestFilter.java:119)
	at org.springframework.security.web.FilterChainProxy$VirtualFilterChain.doFilter(FilterChainProxy.java:336)
	at org.springframework.security.web.authentication.logout.LogoutFilter.doFilter(LogoutFilter.java:103)
	at org.springframework.security.web.authentication.logout.LogoutFilter.doFilter(LogoutFilter.java:89)
	at org.springframework.security.web.FilterChainProxy$VirtualFilterChain.doFilter(FilterChainProxy.java:336)
	at org.springframework.web.filter.CorsFilter.doFilterInternal(CorsFilter.java:91)
	at org.springframework.web.filter.OncePerRequestFilter.doFilter(OncePerRequestFilter.java:119)
	at org.springframework.security.web.FilterChainProxy$VirtualFilterChain.doFilter(FilterChainProxy.java:336)
	at org.springframework.security.web.header.HeaderWriterFilter.doHeadersAfter(HeaderWriterFilter.java:90)
	at org.springframework.security.web.header.HeaderWriterFilter.doFilterInternal(HeaderWriterFilter.java:75)
	at org.springframework.web.filter.OncePerRequestFilter.doFilter(OncePerRequestFilter.java:119)
	at org.springframework.security.web.FilterChainProxy$VirtualFilterChain.doFilter(FilterChainProxy.java:336)
	at org.springframework.security.web.context.SecurityContextPersistenceFilter.doFilter(SecurityContextPersistenceFilter.java:110)
	at org.springframework.security.web.context.SecurityContextPersistenceFilter.doFilter(SecurityContextPersistenceFilter.java:80)
	at org.springframework.security.web.FilterChainProxy$VirtualFilterChain.doFilter(FilterChainProxy.java:336)
	at org.springframework.security.web.context.request.async.WebAsyncManagerIntegrationFilter.doFilterInternal(WebAsyncManagerIntegrationFilter.java:55)
	at org.springframework.web.filter.OncePerRequestFilter.doFilter(OncePerRequestFilter.java:119)
	at org.springframework.security.web.FilterChainProxy$VirtualFilterChain.doFilter(FilterChainProxy.java:336)
	at org.springframework.security.web.FilterChainProxy.doFilterInternal(FilterChainProxy.java:211)
	at org.springframework.security.web.FilterChainProxy.doFilter(FilterChainProxy.java:183)
	at org.springframework.web.filter.DelegatingFilterProxy.invokeDelegate(DelegatingFilterProxy.java:358)
	at org.springframework.web.filter.DelegatingFilterProxy.doFilter(DelegatingFilterProxy.java:271)
	at org.apache.catalina.core.ApplicationFilterChain.internalDoFilter(ApplicationFilterChain.java:189)
	at org.apache.catalina.core.ApplicationFilterChain.doFilter(ApplicationFilterChain.java:162)
	at org.springframework.web.filter.RequestContextFilter.doFilterInternal(RequestContextFilter.java:100)
	at org.springframework.web.filter.OncePerRequestFilter.doFilter(OncePerRequestFilter.java:119)
	at org.apache.catalina.core.ApplicationFilterChain.internalDoFilter(ApplicationFilterChain.java:189)
	at org.apache.catalina.core.ApplicationFilterChain.doFilter(ApplicationFilterChain.java:162)
	at org.springframework.web.filter.FormContentFilter.doFilterInternal(FormContentFilter.java:93)
	at org.springframework.web.filter.OncePerRequestFilter.doFilter(OncePerRequestFilter.java:119)
	at org.apache.catalina.core.ApplicationFilterChain.internalDoFilter(ApplicationFilterChain.java:189)
	at org.apache.catalina.core.ApplicationFilterChain.doFilter(ApplicationFilterChain.java:162)
	at org.springframework.session.web.http.SessionRepositoryFilter.doFilterInternal(SessionRepositoryFilter.java:142)
	at org.springframework.session.web.http.OncePerRequestFilter.doFilter(OncePerRequestFilter.java:82)
	at org.apache.catalina.core.ApplicationFilterChain.internalDoFilter(ApplicationFilterChain.java:189)
	at org.apache.catalina.core.ApplicationFilterChain.doFilter(ApplicationFilterChain.java:162)
	at org.springframework.web.filter.CharacterEncodingFilter.doFilterInternal(CharacterEncodingFilter.java:201)
	at org.springframework.web.filter.OncePerRequestFilter.doFilter(OncePerRequestFilter.java:119)
	at org.apache.catalina.core.ApplicationFilterChain.internalDoFilter(ApplicationFilterChain.java:189)
	at org.apache.catalina.core.ApplicationFilterChain.doFilter(ApplicationFilterChain.java:162)
	at org.apache.catalina.core.StandardWrapperValve.invoke(StandardWrapperValve.java:202)
	at org.apache.catalina.core.StandardContextValve.invoke(StandardContextValve.java:97)
	at org.apache.catalina.authenticator.AuthenticatorBase.invoke(AuthenticatorBase.java:542)
	at org.apache.catalina.core.StandardHostValve.invoke(StandardHostValve.java:143)
	at org.apache.catalina.valves.ErrorReportValve.invoke(ErrorReportValve.java:92)
	at org.apache.catalina.core.StandardEngineValve.invoke(StandardEngineValve.java:78)
	at org.apache.catalina.connector.CoyoteAdapter.service(CoyoteAdapter.java:357)
	at org.apache.coyote.http11.Http11Processor.service(Http11Processor.java:374)
	at org.apache.coyote.AbstractProcessorLight.process(AbstractProcessorLight.java:65)
	at org.apache.coyote.AbstractProtocol$ConnectionHandler.process(AbstractProtocol.java:893)
	at org.apache.tomcat.util.net.NioEndpoint$SocketProcessor.doRun(NioEndpoint.java:1707)
	at org.apache.tomcat.util.net.SocketProcessorBase.run(SocketProcessorBase.java:49)
	at java.base/java.util.concurrent.ThreadPoolExecutor.runWorker(ThreadPoolExecutor.java:1136)
	at java.base/java.util.concurrent.ThreadPoolExecutor$Worker.run(ThreadPoolExecutor.java:635)
	at org.apache.tomcat.util.threads.TaskThread$WrappingRunnable.run(TaskThread.java:61)
	at java.base/java.lang.Thread.run(Thread.java:833)
2024-12-03 22:50:04,825 [http-nio-9090-exec-7] INFO  o.f.teach.security.jwt.AuthTokenFilter             - /api/statistics/getMainPageData,200799013517,2024-12-03 22:50:04,0.011
2024-12-03 22:50:05,039 [http-nio-9090-exec-8] INFO  o.f.teach.security.jwt.AuthTokenFilter             - /api/course/getTeacherCourse,200799013517,2024-12-03 22:50:05,0.016
2024-12-03 22:51:44,929 [http-nio-9090-exec-9] INFO  o.f.teach.security.jwt.AuthTokenFilter             - /api/base/getMenuList,admin,2024-12-03 22:51:44,0.015
2024-12-03 22:51:46,099 [http-nio-9090-exec-10] INFO  o.f.teach.security.jwt.AuthTokenFilter             - /api/course/getTeacherCourse,admin,2024-12-03 22:51:46,0.01
2024-12-03 22:51:46,947 [http-nio-9090-exec-1] INFO  o.f.teach.security.jwt.AuthTokenFilter             - /api/statistics/getMainPageData,admin,2024-12-03 22:51:46,0.009
2024-12-03 22:51:47,915 [http-nio-9090-exec-2] INFO  o.f.teach.security.jwt.AuthTokenFilter             - /api/course/getCourseList,admin,2024-12-03 22:51:47,0.008
2024-12-03 22:51:47,934 [http-nio-9090-exec-4] INFO  o.f.teach.security.jwt.AuthTokenFilter             - /api/teacher/getTeacherList,admin,2024-12-03 22:51:47,0.009
2024-12-03 22:51:48,395 [http-nio-9090-exec-3] INFO  o.f.teach.security.jwt.AuthTokenFilter             - /api/score/getScoreList,admin,2024-12-03 22:51:48,0.014
2024-12-03 22:51:48,414 [http-nio-9090-exec-5] INFO  o.f.teach.security.jwt.AuthTokenFilter             - /api/score/getStudentItemOptionList,admin,2024-12-03 22:51:48,0.008
2024-12-03 22:51:48,748 [http-nio-9090-exec-6] INFO  o.f.teach.security.jwt.AuthTokenFilter             - /api/score/getCourseItemOptionList,admin,2024-12-03 22:51:48,0.007
2024-12-03 22:52:11,043 [http-nio-9090-exec-7] INFO  o.f.teach.security.jwt.AuthTokenFilter             - /api/base/getMenuList,200799013517,2024-12-03 22:52:11,0.008
2024-12-03 22:52:11,681 [http-nio-9090-exec-8] INFO  o.f.teach.security.jwt.AuthTokenFilter             - /api/score/getScoreList,200799013517,2024-12-03 22:52:11,0.016
2024-12-03 22:52:11,717 [http-nio-9090-exec-9] INFO  o.f.teach.security.jwt.AuthTokenFilter             - /api/score/getStudentItemOptionList,200799013517,2024-12-03 22:52:11,0.008
2024-12-03 22:52:11,753 [http-nio-9090-exec-10] INFO  o.f.teach.security.jwt.AuthTokenFilter             - /api/score/getCourseItemOptionList,200799013517,2024-12-03 22:52:11,0.007
2024-12-03 22:52:12,948 [http-nio-9090-exec-1] INFO  o.f.teach.security.jwt.AuthTokenFilter             - /api/statistics/getMainPageData,200799013517,2024-12-03 22:52:12,0.011
2024-12-03 22:52:13,132 [http-nio-9090-exec-2] INFO  o.f.teach.security.jwt.AuthTokenFilter             - /api/course/getTeacherCourse,200799013517,2024-12-03 22:52:13,0.013
2024-12-03 22:54:40,600 [http-nio-9090-exec-4] INFO  o.f.teach.security.jwt.AuthTokenFilter             - /api/course/getTeacherCourse,200799013517,2024-12-03 22:54:40,0.012
2024-12-03 22:54:42,773 [http-nio-9090-exec-3] INFO  o.f.teach.security.jwt.AuthTokenFilter             - /api/course/getTeacherCourse,200799013517,2024-12-03 22:54:42,0.013
2024-12-03 22:54:53,360 [http-nio-9090-exec-5] INFO  o.f.teach.security.jwt.AuthTokenFilter             - /api/course/getTeacherCourse,200799013517,2024-12-03 22:54:53,0.011
2024-12-03 22:54:56,502 [http-nio-9090-exec-6] INFO  o.f.teach.security.jwt.AuthTokenFilter             - /api/course/getTeacherCourse,200799013517,2024-12-03 22:54:56,0.011
2024-12-03 22:56:18,891 [http-nio-9090-exec-7] INFO  o.f.teach.security.jwt.AuthTokenFilter             - /api/course/getTeacherCourse,200799013517,2024-12-03 22:56:18,0.011
2024-12-03 22:56:22,742 [http-nio-9090-exec-8] INFO  o.f.teach.security.jwt.AuthTokenFilter             - /api/course/getTeacherCourse,200799013517,2024-12-03 22:56:22,0.012
2024-12-03 22:58:07,592 [http-nio-9090-exec-9] INFO  o.f.teach.security.jwt.AuthTokenFilter             - /api/course/getTeacherCourse,200799013517,2024-12-03 22:58:07,0.01
2024-12-03 22:58:18,582 [http-nio-9090-exec-10] INFO  o.f.teach.security.jwt.AuthTokenFilter             - /api/course/getTeacherCourse,200799013517,2024-12-03 22:58:18,0.01
2024-12-03 22:58:25,519 [http-nio-9090-exec-1] INFO  o.f.teach.security.jwt.AuthTokenFilter             - /api/course/getTeacherCourse,200799013517,2024-12-03 22:58:25,0.01
2024-12-03 22:58:54,321 [http-nio-9090-exec-2] INFO  o.f.teach.security.jwt.AuthTokenFilter             - /api/course/getTeacherCourse,200799013517,2024-12-03 22:58:54,0.01
2024-12-03 22:59:55,230 [http-nio-9090-exec-4] INFO  o.f.teach.security.jwt.AuthTokenFilter             - /api/course/getTeacherCourse,200799013517,2024-12-03 22:59:55,0.008
2024-12-03 22:59:59,792 [http-nio-9090-exec-3] INFO  o.f.teach.security.jwt.AuthTokenFilter             - /api/score/getScoreList,200799013517,2024-12-03 22:59:59,0.012
2024-12-03 23:00:00,109 [http-nio-9090-exec-5] INFO  o.f.teach.security.jwt.AuthTokenFilter             - /api/score/getScoreList,200799013517,2024-12-03 23:00:00,0.011
2024-12-03 23:00:00,118 [http-nio-9090-exec-6] INFO  o.f.teach.security.jwt.AuthTokenFilter             - /api/score/getStudentItemOptionList,200799013517,2024-12-03 23:00:00,0.005
2024-12-03 23:00:00,427 [http-nio-9090-exec-7] INFO  o.f.teach.security.jwt.AuthTokenFilter             - /api/score/getStudentItemOptionList,200799013517,2024-12-03 23:00:00,0.005
2024-12-03 23:00:00,437 [http-nio-9090-exec-8] INFO  o.f.teach.security.jwt.AuthTokenFilter             - /api/score/getCourseItemOptionList,200799013517,2024-12-03 23:00:00,0.006
2024-12-03 23:00:00,750 [http-nio-9090-exec-9] INFO  o.f.teach.security.jwt.AuthTokenFilter             - /api/score/getCourseItemOptionList,200799013517,2024-12-03 23:00:00,0.006
2024-12-03 23:00:07,049 [http-nio-9090-exec-10] INFO  o.f.teach.security.jwt.AuthTokenFilter             - /api/score/getScoreList,200799013517,2024-12-03 23:00:07,0.006
2024-12-03 23:00:08,521 [http-nio-9090-exec-1] INFO  o.f.teach.security.jwt.AuthTokenFilter             - /api/score/getScoreList,200799013517,2024-12-03 23:00:08,0.009
